#
# There is insufficient memory for the Java Runtime Environment to continue.
# Native memory allocation (malloc) failed to allocate 262160 bytes for Chunk::new
# Possible reasons:
#   The system is out of physical RAM or swap space
#   The process is running with CompressedOops enabled, and the Java Heap may be blocking the growth of the native heap
# Possible solutions:
#   Reduce memory load on the system
#   Increase physical memory or swap space
#   Check if swap backing store is full
#   Decrease Java heap size (-Xmx/-Xms)
#   Decrease number of Java threads
#   Decrease Java thread stack sizes (-Xss)
#   Set larger code cache with -XX:ReservedCodeCacheSize=
#   JVM is running with Unscaled Compressed Oops mode in which the Java heap is
#     placed in the first 4GB address space. The Java Heap base address is the
#     maximum limit for the native heap growth. Please use -XX:HeapBaseMinAddress
#     to set the Java Heap base and to place the Java Heap above 4GB virtual address.
# This output file may be truncated or incomplete.
#
#  Out of Memory Error (allocation.cpp:389), pid=7080, tid=0x000000000000331c
#
# JRE version: OpenJDK Runtime Environment (8.0_242-b01) (build 1.8.0_242-release-1644-b01)
# Java VM: OpenJDK 64-Bit Server VM (25.242-b01 mixed mode windows-amd64 compressed oops)
# Failed to write core dump. Minidumps are not enabled by default on client versions of Windows
#

---------------  T H R E A D  ---------------

Current thread (0x00000000163d4800):  JavaThread "C2 CompilerThread0" daemon [_thread_in_native, id=13084, stack(0x0000000017a30000,0x0000000017b30000)]

Stack: [0x0000000017a30000,0x0000000017b30000]
[error occurred during error reporting (printing stack bounds), id 0xc0000005]

Native frames: (J=compiled Java code, j=interpreted, Vv=VM code, C=native code)


Current CompileTask:
C2:   2730 1452   !   4       java.net.URLClassLoader$1::run (63 bytes)


---------------  P R O C E S S  ---------------

Java Threads: ( => current thread )
  0x0000000019a4d800 JavaThread "Cache worker for journal cache (C:\Users\Bismillah\.gradle\caches\journal-1)" [_thread_blocked, id=9324, stack(0x000000001bf50000,0x000000001c050000)]
  0x0000000019a4f000 JavaThread "File lock request listener" [_thread_in_native, id=3240, stack(0x000000001be50000,0x000000001bf50000)]
  0x00000000194ed000 JavaThread "Cache worker for file hash cache (C:\Users\Bismillah\.gradle\caches\5.4.1\fileHashes)" [_thread_blocked, id=2404, stack(0x000000001bd50000,0x000000001be50000)]
  0x000000001958e000 JavaThread "Thread-9" [_thread_blocked, id=4108, stack(0x000000001bc50000,0x000000001bd50000)]
  0x0000000019589000 JavaThread "Stdin handler" [_thread_blocked, id=4436, stack(0x000000001bb50000,0x000000001bc50000)]
  0x0000000018d72000 JavaThread "Asynchronous log dispatcher for DefaultDaemonConnection: socket connection from /127.0.0.1:56126 to /127.0.0.1:56127" [_thread_blocked, id=8152, stack(0x000000001ba50000,0x000000001bb50000)]
  0x0000000019012000 JavaThread "Daemon worker" [_thread_in_vm, id=4400, stack(0x000000001b950000,0x000000001ba50000)]
  0x000000001900f000 JavaThread "Cancel handler" [_thread_blocked, id=3700, stack(0x000000001b850000,0x000000001b950000)]
  0x000000001901f800 JavaThread "Handler for socket connection from /127.0.0.1:56126 to /127.0.0.1:56127" [_thread_in_native, id=11564, stack(0x000000001b550000,0x000000001b650000)]
  0x0000000019021000 JavaThread "Daemon" [_thread_blocked, id=6848, stack(0x000000001b450000,0x000000001b550000)]
  0x0000000019020800 JavaThread "Daemon periodic checks" [_thread_blocked, id=10052, stack(0x000000001b350000,0x000000001b450000)]
  0x0000000018fbf800 JavaThread "Incoming local TCP Connector on port 56126" [_thread_in_native, id=11372, stack(0x000000001b110000,0x000000001b210000)]
  0x0000000018e0e000 JavaThread "Daemon health stats" [_thread_blocked, id=8824, stack(0x000000001aad0000,0x000000001abd0000)]
  0x0000000017d50800 JavaThread "Service Thread" daemon [_thread_blocked, id=1932, stack(0x0000000018130000,0x0000000018230000)]
  0x00000000163e3800 JavaThread "C1 CompilerThread2" daemon [_thread_blocked, id=7588, stack(0x0000000017c30000,0x0000000017d30000)]
  0x00000000163df000 JavaThread "C2 CompilerThread1" daemon [_thread_in_native, id=6648, stack(0x0000000017b30000,0x0000000017c30000)]
=>0x00000000163d4800 JavaThread "C2 CompilerThread0" daemon [_thread_in_native, id=13084, stack(0x0000000017a30000,0x0000000017b30000)]
  0x00000000163d2000 JavaThread "Attach Listener" daemon [_thread_blocked, id=11388, stack(0x0000000017930000,0x0000000017a30000)]
  0x00000000163d1000 JavaThread "Signal Dispatcher" daemon [_thread_blocked, id=10700, stack(0x0000000017830000,0x0000000017930000)]
  0x0000000002a5b000 JavaThread "Finalizer" daemon [_thread_blocked, id=6620, stack(0x0000000017630000,0x0000000017730000)]
  0x00000000163b9000 JavaThread "Reference Handler" daemon [_thread_blocked, id=420, stack(0x0000000017530000,0x0000000017630000)]
  0x000000000280e000 JavaThread "main" [_thread_blocked, id=11648, stack(0x0000000002810000,0x0000000002910000)]

Other Threads:
  0x0000000016396000 VMThread [stack: 0x0000000017430000,0x0000000017530000] [id=9464]
  0x000000001642d800 WatcherThread [stack: 0x0000000018230000,0x0000000018330000] [id=8068]

VM state:not at safepoint (normal execution)

VM Mutex/Monitor currently owned by a thread: None

heap address: 0x00000000a0000000, size: 1536 MB, Compressed Oops mode: 32-bit
Narrow klass base: 0x0000000000000000, Narrow klass shift: 3
Compressed class space size: 1073741824 Address: 0x0000000100000000

Heap:
 PSYoungGen      total 34304K, used 16084K [0x00000000e0000000, 0x00000000e2400000, 0x0000000100000000)
  eden space 31744K, 42% used [0x00000000e0000000,0x00000000e0d3cff8,0x00000000e1f00000)
  from space 2560K, 98% used [0x00000000e2180000,0x00000000e23f8040,0x00000000e2400000)
  to   space 2560K, 0% used [0x00000000e1f00000,0x00000000e1f00000,0x00000000e2180000)
 ParOldGen       total 42496K, used 9115K [0x00000000a0000000, 0x00000000a2980000, 0x00000000e0000000)
  object space 42496K, 21% used [0x00000000a0000000,0x00000000a08e6d90,0x00000000a2980000)
 Metaspace       used 16563K, capacity 16998K, committed 17152K, reserved 1064960K
  class space    used 2371K, capacity 2511K, committed 2560K, reserved 1048576K

Card table byte_map: [0x0000000011e20000,0x0000000012130000] byte_map_base: 0x0000000011920000

Marking Bits: (ParMarkBitMap*) 0x000000006060f030
 Begin Bits: [0x0000000012730000, 0x0000000013f30000)
 End Bits:   [0x0000000013f30000, 0x0000000015730000)

Polling page: 0x0000000000b60000

CodeCache: size=245760Kb used=5295Kb max_used=5295Kb free=240464Kb
 bounds [0x0000000002a60000, 0x0000000002f90000, 0x0000000011a60000]
 total_blobs=1928 nmethods=1530 adapters=311
 compilation: enabled

Compilation events (10 events):
Event: 2.653 Thread 0x00000000163e3800 1534       3       java.util.concurrent.locks.AbstractQueuedSynchronizer::release (33 bytes)
Event: 2.653 Thread 0x00000000163e3800 nmethod 1534 0x0000000002f8ae90 code [0x0000000002f8b000, 0x0000000002f8b318]
Event: 2.655 Thread 0x00000000163e3800 1535       3       java.util.concurrent.locks.AbstractQueuedSynchronizer::compareAndSetState (13 bytes)
Event: 2.655 Thread 0x00000000163e3800 nmethod 1535 0x0000000002f8b410 code [0x0000000002f8b560, 0x0000000002f8b6d0]
Event: 2.672 Thread 0x00000000163e3800 1536       3       java.util.regex.Pattern::RemoveQEQuoting (346 bytes)
Event: 2.673 Thread 0x00000000163e3800 nmethod 1536 0x0000000002f8b750 code [0x0000000002f8b9a0, 0x0000000002f8ca98]
Event: 2.684 Thread 0x00000000163e3800 1537       3       java.lang.Package::<init> (56 bytes)
Event: 2.684 Thread 0x00000000163e3800 nmethod 1537 0x0000000002f8d3d0 code [0x0000000002f8d520, 0x0000000002f8d790]
Event: 2.710 Thread 0x00000000163e3800 1538       3       java.util.concurrent.locks.ReentrantLock$Sync::tryRelease (45 bytes)
Event: 2.710 Thread 0x00000000163e3800 nmethod 1538 0x0000000002f8d850 code [0x0000000002f8d9e0, 0x0000000002f8df88]

GC Heap History (10 events):
Event: 0.721 GC heap before
{Heap before GC invocations=2 (full 0):
 PSYoungGen      total 18432K, used 18429K [0x00000000e0000000, 0x00000000e1480000, 0x0000000100000000)
  eden space 15872K, 100% used [0x00000000e0000000,0x00000000e0f80000,0x00000000e0f80000)
  from space 2560K, 99% used [0x00000000e0f80000,0x00000000e11ff410,0x00000000e1200000)
  to   space 2560K, 0% used [0x00000000e1200000,0x00000000e1200000,0x00000000e1480000)
 ParOldGen       total 42496K, used 68K [0x00000000a0000000, 0x00000000a2980000, 0x00000000e0000000)
  object space 42496K, 0% used [0x00000000a0000000,0x00000000a0011130,0x00000000a2980000)
 Metaspace       used 7070K, capacity 7232K, committed 7424K, reserved 1056768K
  class space    used 859K, capacity 908K, committed 1024K, reserved 1048576K
Event: 0.725 GC heap after
Heap after GC invocations=2 (full 0):
 PSYoungGen      total 18432K, used 2549K [0x00000000e0000000, 0x00000000e2400000, 0x0000000100000000)
  eden space 15872K, 0% used [0x00000000e0000000,0x00000000e0000000,0x00000000e0f80000)
  from space 2560K, 99% used [0x00000000e1200000,0x00000000e147d528,0x00000000e1480000)
  to   space 2560K, 0% used [0x00000000e0f80000,0x00000000e0f80000,0x00000000e1200000)
 ParOldGen       total 42496K, used 586K [0x00000000a0000000, 0x00000000a2980000, 0x00000000e0000000)
  object space 42496K, 1% used [0x00000000a0000000,0x00000000a0092908,0x00000000a2980000)
 Metaspace       used 7070K, capacity 7232K, committed 7424K, reserved 1056768K
  class space    used 859K, capacity 908K, committed 1024K, reserved 1048576K
}
Event: 0.921 GC heap before
{Heap before GC invocations=3 (full 0):
 PSYoungGen      total 18432K, used 18421K [0x00000000e0000000, 0x00000000e2400000, 0x0000000100000000)
  eden space 15872K, 100% used [0x00000000e0000000,0x00000000e0f80000,0x00000000e0f80000)
  from space 2560K, 99% used [0x00000000e1200000,0x00000000e147d528,0x00000000e1480000)
  to   space 2560K, 0% used [0x00000000e0f80000,0x00000000e0f80000,0x00000000e1200000)
 ParOldGen       total 42496K, used 586K [0x00000000a0000000, 0x00000000a2980000, 0x00000000e0000000)
  object space 42496K, 1% used [0x00000000a0000000,0x00000000a0092908,0x00000000a2980000)
 Metaspace       used 7193K, capacity 7392K, committed 7680K, reserved 1056768K
  class space    used 869K, capacity 940K, committed 1024K, reserved 1048576K
Event: 0.925 GC heap after
Heap after GC invocations=3 (full 0):
 PSYoungGen      total 18432K, used 2557K [0x00000000e0000000, 0x00000000e2400000, 0x0000000100000000)
  eden space 15872K, 0% used [0x00000000e0000000,0x00000000e0000000,0x00000000e0f80000)
  from space 2560K, 99% used [0x00000000e0f80000,0x00000000e11ff7d0,0x00000000e1200000)
  to   space 2560K, 0% used [0x00000000e2180000,0x00000000e2180000,0x00000000e2400000)
 ParOldGen       total 42496K, used 706K [0x00000000a0000000, 0x00000000a2980000, 0x00000000e0000000)
  object space 42496K, 1% used [0x00000000a0000000,0x00000000a00b08b0,0x00000000a2980000)
 Metaspace       used 7193K, capacity 7392K, committed 7680K, reserved 1056768K
  class space    used 869K, capacity 940K, committed 1024K, reserved 1048576K
}
Event: 1.096 GC heap before
{Heap before GC invocations=4 (full 0):
 PSYoungGen      total 18432K, used 18429K [0x00000000e0000000, 0x00000000e2400000, 0x0000000100000000)
  eden space 15872K, 100% used [0x00000000e0000000,0x00000000e0f80000,0x00000000e0f80000)
  from space 2560K, 99% used [0x00000000e0f80000,0x00000000e11ff7d0,0x00000000e1200000)
  to   space 2560K, 0% used [0x00000000e2180000,0x00000000e2180000,0x00000000e2400000)
 ParOldGen       total 42496K, used 706K [0x00000000a0000000, 0x00000000a2980000, 0x00000000e0000000)
  object space 42496K, 1% used [0x00000000a0000000,0x00000000a00b08b0,0x00000000a2980000)
 Metaspace       used 7889K, capacity 8186K, committed 8320K, reserved 1056768K
  class space    used 1010K, capacity 1077K, committed 1152K, reserved 1048576K
Event: 1.100 GC heap after
Heap after GC invocations=4 (full 0):
 PSYoungGen      total 34304K, used 2544K [0x00000000e0000000, 0x00000000e2400000, 0x0000000100000000)
  eden space 31744K, 0% used [0x00000000e0000000,0x00000000e0000000,0x00000000e1f00000)
  from space 2560K, 99% used [0x00000000e2180000,0x00000000e23fc030,0x00000000e2400000)
  to   space 2560K, 0% used [0x00000000e1f00000,0x00000000e1f00000,0x00000000e2180000)
 ParOldGen       total 42496K, used 1649K [0x00000000a0000000, 0x00000000a2980000, 0x00000000e0000000)
  object space 42496K, 3% used [0x00000000a0000000,0x00000000a019c7e8,0x00000000a2980000)
 Metaspace       used 7889K, capacity 8186K, committed 8320K, reserved 1056768K
  class space    used 1010K, capacity 1077K, committed 1152K, reserved 1048576K
}
Event: 2.114 GC heap before
{Heap before GC invocations=5 (full 0):
 PSYoungGen      total 34304K, used 34288K [0x00000000e0000000, 0x00000000e2400000, 0x0000000100000000)
  eden space 31744K, 100% used [0x00000000e0000000,0x00000000e1f00000,0x00000000e1f00000)
  from space 2560K, 99% used [0x00000000e2180000,0x00000000e23fc030,0x00000000e2400000)
  to   space 2560K, 0% used [0x00000000e1f00000,0x00000000e1f00000,0x00000000e2180000)
 ParOldGen       total 42496K, used 1649K [0x00000000a0000000, 0x00000000a2980000, 0x00000000e0000000)
  object space 42496K, 3% used [0x00000000a0000000,0x00000000a019c7e8,0x00000000a2980000)
 Metaspace       used 12657K, capacity 12976K, committed 13184K, reserved 1060864K
  class space    used 1725K, capacity 1826K, committed 1920K, reserved 1048576K
Event: 2.120 GC heap after
Heap after GC invocations=5 (full 0):
 PSYoungGen      total 34304K, used 2544K [0x00000000e0000000, 0x00000000e2400000, 0x0000000100000000)
  eden space 31744K, 0% used [0x00000000e0000000,0x00000000e0000000,0x00000000e1f00000)
  from space 2560K, 99% used [0x00000000e1f00000,0x00000000e217c010,0x00000000e2180000)
  to   space 2560K, 0% used [0x00000000e2180000,0x00000000e2180000,0x00000000e2400000)
 ParOldGen       total 42496K, used 5279K [0x00000000a0000000, 0x00000000a2980000, 0x00000000e0000000)
  object space 42496K, 12% used [0x00000000a0000000,0x00000000a0527d90,0x00000000a2980000)
 Metaspace       used 12657K, capacity 12976K, committed 13184K, reserved 1060864K
  class space    used 1725K, capacity 1826K, committed 1920K, reserved 1048576K
}
Event: 2.493 GC heap before
{Heap before GC invocations=6 (full 0):
 PSYoungGen      total 34304K, used 34288K [0x00000000e0000000, 0x00000000e2400000, 0x0000000100000000)
  eden space 31744K, 100% used [0x00000000e0000000,0x00000000e1f00000,0x00000000e1f00000)
  from space 2560K, 99% used [0x00000000e1f00000,0x00000000e217c010,0x00000000e2180000)
  to   space 2560K, 0% used [0x00000000e2180000,0x00000000e2180000,0x00000000e2400000)
 ParOldGen       total 42496K, used 5279K [0x00000000a0000000, 0x00000000a2980000, 0x00000000e0000000)
  object space 42496K, 12% used [0x00000000a0000000,0x00000000a0527d90,0x00000000a2980000)
 Metaspace       used 15362K, capacity 15782K, committed 16000K, reserved 1062912K
  class space    used 2175K, capacity 2319K, committed 2432K, reserved 1048576K
Event: 2.502 GC heap after
Heap after GC invocations=6 (full 0):
 PSYoungGen      total 34304K, used 2528K [0x00000000e0000000, 0x00000000e2400000, 0x0000000100000000)
  eden space 31744K, 0% used [0x00000000e0000000,0x00000000e0000000,0x00000000e1f00000)
  from space 2560K, 98% used [0x00000000e2180000,0x00000000e23f8040,0x00000000e2400000)
  to   space 2560K, 0% used [0x00000000e1f00000,0x00000000e1f00000,0x00000000e2180000)
 ParOldGen       total 42496K, used 9115K [0x00000000a0000000, 0x00000000a2980000, 0x00000000e0000000)
  object space 42496K, 21% used [0x00000000a0000000,0x00000000a08e6d90,0x00000000a2980000)
 Metaspace       used 15362K, capacity 15782K, committed 16000K, reserved 1062912K
  class space    used 2175K, capacity 2319K, committed 2432K, reserved 1048576K
}

Deoptimization events (10 events):
Event: 1.994 Thread 0x0000000019012000 Uncommon trap: reason=bimorphic action=maybe_recompile pc=0x0000000002d06670 method=java.util.HashMap.putVal(ILjava/lang/Object;Ljava/lang/Object;ZZ)Ljava/lang/Object; @ 253
Event: 1.994 Thread 0x0000000019012000 Uncommon trap: reason=bimorphic action=maybe_recompile pc=0x0000000002d06670 method=java.util.HashMap.putVal(ILjava/lang/Object;Ljava/lang/Object;ZZ)Ljava/lang/Object; @ 253
Event: 1.994 Thread 0x0000000019012000 Uncommon trap: reason=bimorphic action=maybe_recompile pc=0x0000000002d06670 method=java.util.HashMap.putVal(ILjava/lang/Object;Ljava/lang/Object;ZZ)Ljava/lang/Object; @ 253
Event: 1.994 Thread 0x0000000019012000 Uncommon trap: reason=bimorphic action=maybe_recompile pc=0x0000000002d06670 method=java.util.HashMap.putVal(ILjava/lang/Object;Ljava/lang/Object;ZZ)Ljava/lang/Object; @ 253
Event: 1.994 Thread 0x0000000019012000 Uncommon trap: reason=bimorphic action=maybe_recompile pc=0x0000000002cfbf70 method=java.util.HashMap.putVal(ILjava/lang/Object;Ljava/lang/Object;ZZ)Ljava/lang/Object; @ 253
Event: 2.188 Thread 0x0000000019012000 Uncommon trap: reason=class_check action=maybe_recompile pc=0x0000000002d41358 method=java.util.regex.Matcher.match(II)Z @ 86
Event: 2.198 Thread 0x0000000019012000 Uncommon trap: reason=class_check action=maybe_recompile pc=0x0000000002d41358 method=java.util.regex.Matcher.match(II)Z @ 86
Event: 2.199 Thread 0x0000000019012000 Uncommon trap: reason=class_check action=maybe_recompile pc=0x0000000002d41358 method=java.util.regex.Matcher.match(II)Z @ 86
Event: 2.199 Thread 0x0000000019012000 Uncommon trap: reason=class_check action=maybe_recompile pc=0x0000000002d01e1c method=java.util.regex.Matcher.match(II)Z @ 86
Event: 2.449 Thread 0x0000000019012000 Uncommon trap: reason=unstable_if action=reinterpret pc=0x0000000002e12174 method=java.lang.String.lastIndexOf([CII[CIII)I @ 66

Classes redefined (0 events):
No events

Internal exceptions (10 events):
Event: 1.169 Thread 0x000000000280e000 Exception <a 'java/lang/NoSuchFieldError': method resolution failed> (0x00000000e04f2850) thrown at [C:\src\AOSP-openjdk-git\hotspot\src\share\vm\prims\methodHandles.cpp, line 1167]
Event: 1.171 Thread 0x000000000280e000 Exception <a 'java/lang/NoSuchFieldError': method resolution failed> (0x00000000e05005b0) thrown at [C:\src\AOSP-openjdk-git\hotspot\src\share\vm\prims\methodHandles.cpp, line 1167]
Event: 1.851 Thread 0x000000000280e000 Exception <a 'java/io/IOException'> (0x00000000e0d55ae8) thrown at [C:\src\AOSP-openjdk-git\hotspot\src\share\vm\prims\jni.cpp, line 710]
Event: 1.918 Thread 0x000000001901f800 Exception <a 'java/lang/NoSuchMethodError': <clinit>> (0x00000000e0fa4dd8) thrown at [C:\src\AOSP-openjdk-git\hotspot\src\share\vm\prims\jni.cpp, line 1615]
Event: 1.921 Thread 0x000000001901f800 Exception <a 'java/lang/NoSuchMethodError': <clinit>> (0x00000000e0fae600) thrown at [C:\src\AOSP-openjdk-git\hotspot\src\share\vm\prims\jni.cpp, line 1615]
Event: 1.924 Thread 0x000000001901f800 Exception <a 'java/lang/NoSuchMethodError': <clinit>> (0x00000000e0fc2370) thrown at [C:\src\AOSP-openjdk-git\hotspot\src\share\vm\prims\jni.cpp, line 1615]
Event: 1.935 Thread 0x000000001901f800 Exception <a 'java/lang/NoSuchMethodError': <clinit>> (0x00000000e1019598) thrown at [C:\src\AOSP-openjdk-git\hotspot\src\share\vm\prims\jni.cpp, line 1615]
Event: 1.941 Thread 0x000000001901f800 Exception <a 'java/lang/NoSuchMethodError': <clinit>> (0x00000000e1050220) thrown at [C:\src\AOSP-openjdk-git\hotspot\src\share\vm\prims\jni.cpp, line 1615]
Event: 1.951 Thread 0x000000001901f800 Exception <a 'java/lang/NoSuchMethodError': <clinit>> (0x00000000e1084d20) thrown at [C:\src\AOSP-openjdk-git\hotspot\src\share\vm\prims\jni.cpp, line 1615]
Event: 1.959 Thread 0x000000001901f800 Exception <a 'java/lang/NoSuchMethodError': <clinit>> (0x00000000e10903d8) thrown at [C:\src\AOSP-openjdk-git\hotspot\src\share\vm\prims\jni.cpp, line 1615]

Events (10 events):
Event: 2.711 loading class org/gradle/internal/resource/transfer/DefaultExternalResourceConnector$ExternalResourceAccessStats
Event: 2.711 loading class org/gradle/internal/resource/transfer/DefaultExternalResourceConnector$ExternalResourceAccessStats done
Event: 2.713 loading class org/gradle/internal/resource/transfer/DefaultExternalResourceConnector$1
Event: 2.713 loading class org/gradle/internal/resource/transfer/DefaultExternalResourceConnector$1 done
Event: 2.717 loading class org/gradle/internal/resource/transfer/DefaultExternalResourceConnector$NoOpStats
Event: 2.717 loading class org/gradle/internal/resource/transfer/DefaultExternalResourceConnector$NoOpStats done
Event: 2.723 loading class org/gradle/api/internal/artifacts/ivyservice/resolutionstrategy/DefaultExternalResourceCachePolicy
Event: 2.723 loading class org/gradle/api/internal/artifacts/ivyservice/resolutionstrategy/DefaultExternalResourceCachePolicy done
Event: 2.725 loading class org/gradle/internal/resource/transport/ResourceConnectorRepositoryTransport
Event: 2.725 loading class org/gradle/internal/resource/transport/ResourceConnectorRepositoryTransport done


Dynamic libraries:
0x00007ff7fac10000 - 0x00007ff7fac41000 	C:\Program Files\Android\Android Studio\jre\bin\java.exe
0x00007ffd5f940000 - 0x00007ffd5fb30000 	C:\WINDOWS\SYSTEM32\ntdll.dll
0x00007ffd5e4a0000 - 0x00007ffd5e552000 	C:\WINDOWS\System32\KERNEL32.DLL
0x00007ffd5d180000 - 0x00007ffd5d424000 	C:\WINDOWS\System32\KERNELBASE.dll
0x00007ffd5d9f0000 - 0x00007ffd5da93000 	C:\WINDOWS\System32\ADVAPI32.dll
0x00007ffd5f030000 - 0x00007ffd5f0ce000 	C:\WINDOWS\System32\msvcrt.dll
0x00007ffd5e400000 - 0x00007ffd5e497000 	C:\WINDOWS\System32\sechost.dll
0x00007ffd5e260000 - 0x00007ffd5e380000 	C:\WINDOWS\System32\RPCRT4.dll
0x00007ffd5eb50000 - 0x00007ffd5ece4000 	C:\WINDOWS\System32\USER32.dll
0x00007ffd5d430000 - 0x00007ffd5d451000 	C:\WINDOWS\System32\win32u.dll
0x00007ffd5efd0000 - 0x00007ffd5eff6000 	C:\WINDOWS\System32\GDI32.dll
0x00007ffd5d6b0000 - 0x00007ffd5d845000 	C:\WINDOWS\System32\gdi32full.dll
0x00007ffd5d950000 - 0x00007ffd5d9ee000 	C:\WINDOWS\System32\msvcp_win.dll
0x00007ffd5d460000 - 0x00007ffd5d55a000 	C:\WINDOWS\System32\ucrtbase.dll
0x00007ffd481c0000 - 0x00007ffd48444000 	C:\WINDOWS\WinSxS\amd64_microsoft.windows.common-controls_6595b64144ccf1df_6.0.18362.900_none_e6beb9d913147d17\COMCTL32.dll
0x00007ffd5e5d0000 - 0x00007ffd5e905000 	C:\WINDOWS\System32\combase.dll
0x00007ffd5d100000 - 0x00007ffd5d180000 	C:\WINDOWS\System32\bcryptPrimitives.dll
0x00007ffd5f000000 - 0x00007ffd5f02e000 	C:\WINDOWS\System32\IMM32.DLL
0x000000005fc80000 - 0x000000005fd52000 	C:\Program Files\Android\Android Studio\jre\jre\bin\msvcr100.dll
0x000000005fe40000 - 0x000000006068b000 	C:\Program Files\Android\Android Studio\jre\jre\bin\server\jvm.dll
0x00007ffd5f8f0000 - 0x00007ffd5f8f8000 	C:\WINDOWS\System32\PSAPI.DLL
0x00007ffd57d90000 - 0x00007ffd57d99000 	C:\WINDOWS\SYSTEM32\WSOCK32.dll
0x00007ffd57e70000 - 0x00007ffd57e94000 	C:\WINDOWS\SYSTEM32\WINMM.dll
0x00007ffd5eae0000 - 0x00007ffd5eb4f000 	C:\WINDOWS\System32\WS2_32.dll
0x00007ffd51720000 - 0x00007ffd5172a000 	C:\WINDOWS\SYSTEM32\VERSION.dll
0x00007ffd57e40000 - 0x00007ffd57e6d000 	C:\WINDOWS\SYSTEM32\WINMMBASE.dll
0x00007ffd5d900000 - 0x00007ffd5d94a000 	C:\WINDOWS\System32\cfgmgr32.dll
0x00007ffd513e0000 - 0x00007ffd513ef000 	C:\Program Files\Android\Android Studio\jre\jre\bin\verify.dll
0x00007ffd47fd0000 - 0x00007ffd47ff9000 	C:\Program Files\Android\Android Studio\jre\jre\bin\java.dll
0x00007ffd4d590000 - 0x00007ffd4d5a6000 	C:\Program Files\Android\Android Studio\jre\jre\bin\zip.dll
0x00007ffd5f0d0000 - 0x00007ffd5f7b6000 	C:\WINDOWS\System32\SHELL32.dll
0x00007ffd5dd40000 - 0x00007ffd5dde9000 	C:\WINDOWS\System32\shcore.dll
0x00007ffd5c980000 - 0x00007ffd5d100000 	C:\WINDOWS\System32\windows.storage.dll
0x00007ffd5c880000 - 0x00007ffd5c8a3000 	C:\WINDOWS\System32\profapi.dll
0x00007ffd5c830000 - 0x00007ffd5c87a000 	C:\WINDOWS\System32\powrprof.dll
0x00007ffd5c800000 - 0x00007ffd5c810000 	C:\WINDOWS\System32\UMPDC.dll
0x00007ffd5e910000 - 0x00007ffd5e962000 	C:\WINDOWS\System32\shlwapi.dll
0x00007ffd5c810000 - 0x00007ffd5c821000 	C:\WINDOWS\System32\kernel.appcore.dll
0x00007ffd5c8d0000 - 0x00007ffd5c8e7000 	C:\WINDOWS\System32\cryptsp.dll
0x00007ffd4a5f0000 - 0x00007ffd4a60a000 	C:\Program Files\Android\Android Studio\jre\jre\bin\net.dll
0x00007ffd5c070000 - 0x00007ffd5c0d7000 	C:\WINDOWS\system32\mswsock.dll
0x00007ffd48500000 - 0x00007ffd48513000 	C:\Program Files\Android\Android Studio\jre\jre\bin\nio.dll
0x00007ffd4d650000 - 0x00007ffd4d676000 	C:\Users\Bismillah\.gradle\native\29\windows-amd64\native-platform.dll
0x00007ffd4c300000 - 0x00007ffd4c30d000 	C:\Program Files\Android\Android Studio\jre\jre\bin\management.dll
0x00007ffd5bbe0000 - 0x00007ffd5bc13000 	C:\WINDOWS\system32\rsaenh.dll
0x00007ffd5c8f0000 - 0x00007ffd5c916000 	C:\WINDOWS\System32\bcrypt.dll
0x00007ffd5c6f0000 - 0x00007ffd5c715000 	C:\WINDOWS\SYSTEM32\USERENV.dll
0x00007ffd5c240000 - 0x00007ffd5c24c000 	C:\WINDOWS\SYSTEM32\CRYPTBASE.dll
0x00007ffd5bd80000 - 0x00007ffd5bdba000 	C:\WINDOWS\SYSTEM32\IPHLPAPI.DLL
0x00007ffd5e560000 - 0x00007ffd5e568000 	C:\WINDOWS\System32\NSI.dll
0x00007ffd565d0000 - 0x00007ffd565e6000 	C:\WINDOWS\SYSTEM32\dhcpcsvc6.DLL
0x00007ffd56560000 - 0x00007ffd5657c000 	C:\WINDOWS\SYSTEM32\dhcpcsvc.DLL
0x00007ffd5bdd0000 - 0x00007ffd5be9b000 	C:\WINDOWS\SYSTEM32\DNSAPI.dll

VM Arguments:
jvm_args: -Xmx1536m -Dfile.encoding=windows-1252 -Duser.country=ID -Duser.language=en -Duser.variant 
java_command: org.gradle.launcher.daemon.bootstrap.GradleDaemon 5.4.1
java_class_path (initial): C:\Users\Bismillah\.gradle\wrapper\dists\gradle-5.4.1-all\3221gyojl5jsh0helicew7rwx\gradle-5.4.1\lib\gradle-launcher-5.4.1.jar
Launcher Type: SUN_STANDARD

Environment Variables:
PATH=C:\Program Files (x86)\Common Files\Intel\Shared Libraries\redist\intel64\compiler;C:\WINDOWS\system32;C:\WINDOWS;C:\WINDOWS\System32\Wbem;C:\WINDOWS\System32\WindowsPowerShell\v1.0\;"C:\WINDOWS\System32\OpenSSH\;";C:\Program Files\Java\jdk-11.0.6\bin;C:\Users\Bismillah\AppData\Local\Microsoft\WindowsApps;
USERNAME=Bismillah
OS=Windows_NT
PROCESSOR_IDENTIFIER=Intel64 Family 6 Model 142 Stepping 9, GenuineIntel



---------------  S Y S T E M  ---------------

OS: Windows 10.0 , 64 bit Build 18362 (10.0.18362.900)

CPU:total 4 (initial active 4) (2 cores per cpu, 2 threads per core) family 6 model 142 stepping 9, cmov, cx8, fxsr, mmx, sse, sse2, sse3, ssse3, sse4.1, sse4.2, popcnt, avx, avx2, aes, clmul, erms, 3dnowpref, lzcnt, ht, tsc, tscinvbit, bmi1, bmi2, adx

Memory: 4k page, physical 4059364k(355468k free), swap 8253668k(2656k free)

vm_info: OpenJDK 64-Bit Server VM (25.242-b01) for windows-amd64 JRE (1.8.0_242-release-1644-b01), built by "builder" with MS VC++ 10.0 (VS2010)

time: Sun Jul 05 19:57:15 2020
timezone: GMT Summer Time
elapsed time: 2 seconds (0d 0h 0m 2s)

