#
# There is insufficient memory for the Java Runtime Environment to continue.
# Native memory allocation (malloc) failed to allocate 1223456 bytes for Chunk::new
# Possible reasons:
#   The system is out of physical RAM or swap space
#   The process is running with CompressedOops enabled, and the Java Heap may be blocking the growth of the native heap
# Possible solutions:
#   Reduce memory load on the system
#   Increase physical memory or swap space
#   Check if swap backing store is full
#   Decrease Java heap size (-Xmx/-Xms)
#   Decrease number of Java threads
#   Decrease Java thread stack sizes (-Xss)
#   Set larger code cache with -XX:ReservedCodeCacheSize=
#   JVM is running with Unscaled Compressed Oops mode in which the Java heap is
#     placed in the first 4GB address space. The Java Heap base address is the
#     maximum limit for the native heap growth. Please use -XX:HeapBaseMinAddress
#     to set the Java Heap base and to place the Java Heap above 4GB virtual address.
# This output file may be truncated or incomplete.
#
#  Out of Memory Error (allocation.cpp:389), pid=6956, tid=0x00000000000030ac
#
# JRE version: OpenJDK Runtime Environment (8.0_242-b01) (build 1.8.0_242-release-1644-b01)
# Java VM: OpenJDK 64-Bit Server VM (25.242-b01 mixed mode windows-amd64 compressed oops)
# Failed to write core dump. Minidumps are not enabled by default on client versions of Windows
#

---------------  T H R E A D  ---------------

Current thread (0x0000000015d4a800):  JavaThread "C2 CompilerThread1" daemon [_thread_in_native, id=12460, stack(0x00000000174b0000,0x00000000175b0000)]

Stack: [0x00000000174b0000,0x00000000175b0000]
[error occurred during error reporting (printing stack bounds), id 0xc0000005]

Native frames: (J=compiled Java code, j=interpreted, Vv=VM code, C=native code)


Current CompileTask:
C2:   2917 1476   !   4       java.net.URLClassLoader$1::run (63 bytes)


---------------  P R O C E S S  ---------------

Java Threads: ( => current thread )
  0x0000000019790800 JavaThread "Cache worker for journal cache (C:\Users\Bismillah\.gradle\caches\journal-1)" [_thread_blocked, id=12776, stack(0x000000001b8d0000,0x000000001b9d0000)]
  0x0000000019794000 JavaThread "File lock request listener" [_thread_in_native, id=12728, stack(0x000000001b7d0000,0x000000001b8d0000)]
  0x000000001978f800 JavaThread "Cache worker for file hash cache (C:\Users\Bismillah\.gradle\caches\5.4.1\fileHashes)" [_thread_blocked, id=11004, stack(0x000000001b6d0000,0x000000001b7d0000)]
  0x0000000019303800 JavaThread "Thread-9" [_thread_blocked, id=7188, stack(0x000000001b5d0000,0x000000001b6d0000)]
  0x00000000193b3000 JavaThread "Stdin handler" [_thread_blocked, id=6940, stack(0x000000001b4d0000,0x000000001b5d0000)]
  0x00000000193a3800 JavaThread "Asynchronous log dispatcher for DefaultDaemonConnection: socket connection from /127.0.0.1:56102 to /127.0.0.1:56103" [_thread_blocked, id=9908, stack(0x000000001b3d0000,0x000000001b4d0000)]
  0x0000000018a15000 JavaThread "Daemon worker" [_thread_in_native, id=4800, stack(0x000000001b2d0000,0x000000001b3d0000)]
  0x0000000018afd000 JavaThread "Cancel handler" [_thread_blocked, id=7820, stack(0x000000001b1d0000,0x000000001b2d0000)]
  0x0000000018a2d000 JavaThread "Handler for socket connection from /127.0.0.1:56102 to /127.0.0.1:56103" [_thread_in_native, id=7240, stack(0x000000001aed0000,0x000000001afd0000)]
  0x0000000018a29000 JavaThread "Daemon" [_thread_blocked, id=13000, stack(0x000000001add0000,0x000000001aed0000)]
  0x00000000189b4000 JavaThread "Daemon periodic checks" [_thread_blocked, id=8020, stack(0x000000001acd0000,0x000000001add0000)]
  0x0000000018774800 JavaThread "Incoming local TCP Connector on port 56102" [_thread_in_native, id=8296, stack(0x000000001aa90000,0x000000001ab90000)]
  0x0000000019061800 JavaThread "Daemon health stats" [_thread_blocked, id=12856, stack(0x000000001a450000,0x000000001a550000)]
  0x00000000176d8800 JavaThread "Service Thread" daemon [_thread_blocked, id=10448, stack(0x0000000017ab0000,0x0000000017bb0000)]
  0x0000000015d52800 JavaThread "C1 CompilerThread2" daemon [_thread_blocked, id=5528, stack(0x00000000175b0000,0x00000000176b0000)]
=>0x0000000015d4a800 JavaThread "C2 CompilerThread1" daemon [_thread_in_native, id=12460, stack(0x00000000174b0000,0x00000000175b0000)]
  0x0000000015d45800 JavaThread "C2 CompilerThread0" daemon [_thread_in_native, id=4684, stack(0x00000000173b0000,0x00000000174b0000)]
  0x0000000015d43800 JavaThread "Attach Listener" daemon [_thread_blocked, id=1976, stack(0x00000000172b0000,0x00000000173b0000)]
  0x0000000015d42000 JavaThread "Signal Dispatcher" daemon [_thread_blocked, id=1828, stack(0x00000000171b0000,0x00000000172b0000)]
  0x00000000023cc800 JavaThread "Finalizer" daemon [_thread_blocked, id=388, stack(0x0000000016fb0000,0x00000000170b0000)]
  0x0000000015d29800 JavaThread "Reference Handler" daemon [_thread_blocked, id=8076, stack(0x0000000016eb0000,0x0000000016fb0000)]
  0x00000000021ce000 JavaThread "main" [_thread_blocked, id=11148, stack(0x00000000021d0000,0x00000000022d0000)]

Other Threads:
  0x0000000015d06000 VMThread [stack: 0x0000000016db0000,0x0000000016eb0000] [id=13172]
  0x0000000015d9d000 WatcherThread [stack: 0x0000000017bb0000,0x0000000017cb0000] [id=11592]

VM state:not at safepoint (normal execution)

VM Mutex/Monitor currently owned by a thread: None

heap address: 0x00000000a0000000, size: 1536 MB, Compressed Oops mode: 32-bit
Narrow klass base: 0x0000000000000000, Narrow klass shift: 3
Compressed class space size: 1073741824 Address: 0x0000000100000000

Heap:
 PSYoungGen      total 34304K, used 3808K [0x00000000e0000000, 0x00000000e2400000, 0x0000000100000000)
  eden space 31744K, 3% used [0x00000000e0000000,0x00000000e013c168,0x00000000e1f00000)
  from space 2560K, 99% used [0x00000000e2180000,0x00000000e23fc010,0x00000000e2400000)
  to   space 2560K, 0% used [0x00000000e1f00000,0x00000000e1f00000,0x00000000e2180000)
 ParOldGen       total 42496K, used 9093K [0x00000000a0000000, 0x00000000a2980000, 0x00000000e0000000)
  object space 42496K, 21% used [0x00000000a0000000,0x00000000a08e1518,0x00000000a2980000)
 Metaspace       used 15447K, capacity 15842K, committed 16256K, reserved 1062912K
  class space    used 2184K, capacity 2329K, committed 2432K, reserved 1048576K

Card table byte_map: [0x0000000011790000,0x0000000011aa0000] byte_map_base: 0x0000000011290000

Marking Bits: (ParMarkBitMap*) 0x000000006060f030
 Begin Bits: [0x00000000120a0000, 0x00000000138a0000)
 End Bits:   [0x00000000138a0000, 0x00000000150a0000)

Polling page: 0x0000000000950000

CodeCache: size=245760Kb used=5391Kb max_used=5391Kb free=240368Kb
 bounds [0x00000000023d0000, 0x0000000002920000, 0x00000000113d0000]
 total_blobs=1928 nmethods=1538 adapters=303
 compilation: enabled

Compilation events (10 events):
Event: 2.867 Thread 0x0000000015d52800 1540       3       java.nio.charset.CharsetEncoder::onUnmappableCharacter (26 bytes)
Event: 2.867 Thread 0x0000000015d52800 nmethod 1540 0x0000000002913d10 code [0x0000000002913e80, 0x00000000029141c8]
Event: 2.867 Thread 0x0000000015d52800 1542       3       org.gradle.internal.service.DefaultServiceRegistry$SingletonService::get (5 bytes)
Event: 2.867 Thread 0x0000000015d52800 nmethod 1542 0x00000000029142d0 code [0x0000000002914440, 0x0000000002914648]
Event: 2.867 Thread 0x0000000015d52800 1541       3       java.nio.charset.CharsetEncoder::implOnUnmappableCharacter (1 bytes)
Event: 2.867 Thread 0x0000000015d52800 nmethod 1541 0x00000000029146d0 code [0x0000000002914820, 0x0000000002914970]
Event: 2.867 Thread 0x0000000015d52800 1543   !   3       org.gradle.internal.service.DefaultServiceRegistry$ManagedObjectServiceProvider::getInstance (81 bytes)
Event: 2.868 Thread 0x0000000015d52800 nmethod 1543 0x00000000029149d0 code [0x0000000002914b40, 0x0000000002914fa8]
Event: 2.903 Thread 0x0000000015d52800 1544       3       java.util.concurrent.locks.AbstractQueuedSynchronizer::release (33 bytes)
Event: 2.904 Thread 0x0000000015d52800 nmethod 1544 0x0000000002915090 code [0x0000000002915200, 0x0000000002915518]

GC Heap History (10 events):
Event: 0.751 GC heap before
{Heap before GC invocations=2 (full 0):
 PSYoungGen      total 18432K, used 18423K [0x00000000e0000000, 0x00000000e1480000, 0x0000000100000000)
  eden space 15872K, 100% used [0x00000000e0000000,0x00000000e0f80000,0x00000000e0f80000)
  from space 2560K, 99% used [0x00000000e0f80000,0x00000000e11fdcb8,0x00000000e1200000)
  to   space 2560K, 0% used [0x00000000e1200000,0x00000000e1200000,0x00000000e1480000)
 ParOldGen       total 42496K, used 36K [0x00000000a0000000, 0x00000000a2980000, 0x00000000e0000000)
  object space 42496K, 0% used [0x00000000a0000000,0x00000000a0009130,0x00000000a2980000)
 Metaspace       used 7067K, capacity 7232K, committed 7424K, reserved 1056768K
  class space    used 859K, capacity 908K, committed 1024K, reserved 1048576K
Event: 0.755 GC heap after
Heap after GC invocations=2 (full 0):
 PSYoungGen      total 18432K, used 2544K [0x00000000e0000000, 0x00000000e2400000, 0x0000000100000000)
  eden space 15872K, 0% used [0x00000000e0000000,0x00000000e0000000,0x00000000e0f80000)
  from space 2560K, 99% used [0x00000000e1200000,0x00000000e147c010,0x00000000e1480000)
  to   space 2560K, 0% used [0x00000000e0f80000,0x00000000e0f80000,0x00000000e1200000)
 ParOldGen       total 42496K, used 536K [0x00000000a0000000, 0x00000000a2980000, 0x00000000e0000000)
  object space 42496K, 1% used [0x00000000a0000000,0x00000000a0086348,0x00000000a2980000)
 Metaspace       used 7067K, capacity 7232K, committed 7424K, reserved 1056768K
  class space    used 859K, capacity 908K, committed 1024K, reserved 1048576K
}
Event: 0.954 GC heap before
{Heap before GC invocations=3 (full 0):
 PSYoungGen      total 18432K, used 18416K [0x00000000e0000000, 0x00000000e2400000, 0x0000000100000000)
  eden space 15872K, 100% used [0x00000000e0000000,0x00000000e0f80000,0x00000000e0f80000)
  from space 2560K, 99% used [0x00000000e1200000,0x00000000e147c010,0x00000000e1480000)
  to   space 2560K, 0% used [0x00000000e0f80000,0x00000000e0f80000,0x00000000e1200000)
 ParOldGen       total 42496K, used 536K [0x00000000a0000000, 0x00000000a2980000, 0x00000000e0000000)
  object space 42496K, 1% used [0x00000000a0000000,0x00000000a0086348,0x00000000a2980000)
 Metaspace       used 7188K, capacity 7392K, committed 7680K, reserved 1056768K
  class space    used 869K, capacity 940K, committed 1024K, reserved 1048576K
Event: 0.959 GC heap after
Heap after GC invocations=3 (full 0):
 PSYoungGen      total 18432K, used 2540K [0x00000000e0000000, 0x00000000e2400000, 0x0000000100000000)
  eden space 15872K, 0% used [0x00000000e0000000,0x00000000e0000000,0x00000000e0f80000)
  from space 2560K, 99% used [0x00000000e0f80000,0x00000000e11fb280,0x00000000e1200000)
  to   space 2560K, 0% used [0x00000000e2180000,0x00000000e2180000,0x00000000e2400000)
 ParOldGen       total 42496K, used 670K [0x00000000a0000000, 0x00000000a2980000, 0x00000000e0000000)
  object space 42496K, 1% used [0x00000000a0000000,0x00000000a00a7b98,0x00000000a2980000)
 Metaspace       used 7188K, capacity 7392K, committed 7680K, reserved 1056768K
  class space    used 869K, capacity 940K, committed 1024K, reserved 1048576K
}
Event: 1.112 GC heap before
{Heap before GC invocations=4 (full 0):
 PSYoungGen      total 18432K, used 18412K [0x00000000e0000000, 0x00000000e2400000, 0x0000000100000000)
  eden space 15872K, 100% used [0x00000000e0000000,0x00000000e0f80000,0x00000000e0f80000)
  from space 2560K, 99% used [0x00000000e0f80000,0x00000000e11fb280,0x00000000e1200000)
  to   space 2560K, 0% used [0x00000000e2180000,0x00000000e2180000,0x00000000e2400000)
 ParOldGen       total 42496K, used 670K [0x00000000a0000000, 0x00000000a2980000, 0x00000000e0000000)
  object space 42496K, 1% used [0x00000000a0000000,0x00000000a00a7b98,0x00000000a2980000)
 Metaspace       used 7884K, capacity 8186K, committed 8320K, reserved 1056768K
  class space    used 1010K, capacity 1077K, committed 1152K, reserved 1048576K
Event: 1.117 GC heap after
Heap after GC invocations=4 (full 0):
 PSYoungGen      total 34304K, used 2528K [0x00000000e0000000, 0x00000000e2400000, 0x0000000100000000)
  eden space 31744K, 0% used [0x00000000e0000000,0x00000000e0000000,0x00000000e1f00000)
  from space 2560K, 98% used [0x00000000e2180000,0x00000000e23f8020,0x00000000e2400000)
  to   space 2560K, 0% used [0x00000000e1f00000,0x00000000e1f00000,0x00000000e2180000)
 ParOldGen       total 42496K, used 1619K [0x00000000a0000000, 0x00000000a2980000, 0x00000000e0000000)
  object space 42496K, 3% used [0x00000000a0000000,0x00000000a0194df8,0x00000000a2980000)
 Metaspace       used 7884K, capacity 8186K, committed 8320K, reserved 1056768K
  class space    used 1010K, capacity 1077K, committed 1152K, reserved 1048576K
}
Event: 2.338 GC heap before
{Heap before GC invocations=5 (full 0):
 PSYoungGen      total 34304K, used 34272K [0x00000000e0000000, 0x00000000e2400000, 0x0000000100000000)
  eden space 31744K, 100% used [0x00000000e0000000,0x00000000e1f00000,0x00000000e1f00000)
  from space 2560K, 98% used [0x00000000e2180000,0x00000000e23f8020,0x00000000e2400000)
  to   space 2560K, 0% used [0x00000000e1f00000,0x00000000e1f00000,0x00000000e2180000)
 ParOldGen       total 42496K, used 1619K [0x00000000a0000000, 0x00000000a2980000, 0x00000000e0000000)
  object space 42496K, 3% used [0x00000000a0000000,0x00000000a0194df8,0x00000000a2980000)
 Metaspace       used 12696K, capacity 13036K, committed 13184K, reserved 1060864K
  class space    used 1729K, capacity 1836K, committed 1920K, reserved 1048576K
Event: 2.347 GC heap after
Heap after GC invocations=5 (full 0):
 PSYoungGen      total 34304K, used 2528K [0x00000000e0000000, 0x00000000e2400000, 0x0000000100000000)
  eden space 31744K, 0% used [0x00000000e0000000,0x00000000e0000000,0x00000000e1f00000)
  from space 2560K, 98% used [0x00000000e1f00000,0x00000000e2178020,0x00000000e2180000)
  to   space 2560K, 0% used [0x00000000e2180000,0x00000000e2180000,0x00000000e2400000)
 ParOldGen       total 42496K, used 5286K [0x00000000a0000000, 0x00000000a2980000, 0x00000000e0000000)
  object space 42496K, 12% used [0x00000000a0000000,0x00000000a0529b40,0x00000000a2980000)
 Metaspace       used 12696K, capacity 13036K, committed 13184K, reserved 1060864K
  class space    used 1729K, capacity 1836K, committed 1920K, reserved 1048576K
}
Event: 2.840 GC heap before
{Heap before GC invocations=6 (full 0):
 PSYoungGen      total 34304K, used 34272K [0x00000000e0000000, 0x00000000e2400000, 0x0000000100000000)
  eden space 31744K, 100% used [0x00000000e0000000,0x00000000e1f00000,0x00000000e1f00000)
  from space 2560K, 98% used [0x00000000e1f00000,0x00000000e2178020,0x00000000e2180000)
  to   space 2560K, 0% used [0x00000000e2180000,0x00000000e2180000,0x00000000e2400000)
 ParOldGen       total 42496K, used 5286K [0x00000000a0000000, 0x00000000a2980000, 0x00000000e0000000)
  object space 42496K, 12% used [0x00000000a0000000,0x00000000a0529b40,0x00000000a2980000)
 Metaspace       used 15414K, capacity 15842K, committed 16256K, reserved 1062912K
  class space    used 2180K, capacity 2329K, committed 2432K, reserved 1048576K
Event: 2.849 GC heap after
Heap after GC invocations=6 (full 0):
 PSYoungGen      total 34304K, used 2544K [0x00000000e0000000, 0x00000000e2400000, 0x0000000100000000)
  eden space 31744K, 0% used [0x00000000e0000000,0x00000000e0000000,0x00000000e1f00000)
  from space 2560K, 99% used [0x00000000e2180000,0x00000000e23fc010,0x00000000e2400000)
  to   space 2560K, 0% used [0x00000000e1f00000,0x00000000e1f00000,0x00000000e2180000)
 ParOldGen       total 42496K, used 9093K [0x00000000a0000000, 0x00000000a2980000, 0x00000000e0000000)
  object space 42496K, 21% used [0x00000000a0000000,0x00000000a08e1518,0x00000000a2980000)
 Metaspace       used 15414K, capacity 15842K, committed 16256K, reserved 1062912K
  class space    used 2180K, capacity 2329K, committed 2432K, reserved 1048576K
}

Deoptimization events (10 events):
Event: 2.217 Thread 0x0000000018a15000 Uncommon trap: reason=bimorphic action=maybe_recompile pc=0x0000000002689e30 method=java.util.HashMap.putVal(ILjava/lang/Object;Ljava/lang/Object;ZZ)Ljava/lang/Object; @ 253
Event: 2.217 Thread 0x0000000018a15000 Uncommon trap: reason=bimorphic action=maybe_recompile pc=0x0000000002689e30 method=java.util.HashMap.putVal(ILjava/lang/Object;Ljava/lang/Object;ZZ)Ljava/lang/Object; @ 253
Event: 2.217 Thread 0x0000000018a15000 Uncommon trap: reason=bimorphic action=maybe_recompile pc=0x0000000002689e30 method=java.util.HashMap.putVal(ILjava/lang/Object;Ljava/lang/Object;ZZ)Ljava/lang/Object; @ 253
Event: 2.218 Thread 0x0000000018a15000 Uncommon trap: reason=bimorphic action=maybe_recompile pc=0x0000000002689e30 method=java.util.HashMap.putVal(ILjava/lang/Object;Ljava/lang/Object;ZZ)Ljava/lang/Object; @ 253
Event: 2.218 Thread 0x0000000018a15000 Uncommon trap: reason=bimorphic action=maybe_recompile pc=0x00000000026797b0 method=java.util.HashMap.putVal(ILjava/lang/Object;Ljava/lang/Object;ZZ)Ljava/lang/Object; @ 253
Event: 2.427 Thread 0x0000000018a15000 Uncommon trap: reason=class_check action=maybe_recompile pc=0x00000000026c4658 method=java.util.regex.Matcher.match(II)Z @ 86
Event: 2.438 Thread 0x0000000018a15000 Uncommon trap: reason=class_check action=maybe_recompile pc=0x00000000026c4658 method=java.util.regex.Matcher.match(II)Z @ 86
Event: 2.438 Thread 0x0000000018a15000 Uncommon trap: reason=class_check action=maybe_recompile pc=0x00000000026c4658 method=java.util.regex.Matcher.match(II)Z @ 86
Event: 2.439 Thread 0x0000000018a15000 Uncommon trap: reason=class_check action=maybe_recompile pc=0x000000000267625c method=java.util.regex.Matcher.match(II)Z @ 86
Event: 2.748 Thread 0x0000000018a15000 Uncommon trap: reason=unstable_if action=reinterpret pc=0x000000000278f7b4 method=java.lang.String.lastIndexOf([CII[CIII)I @ 66

Classes redefined (0 events):
No events

Internal exceptions (10 events):
Event: 2.143 Thread 0x0000000018a2d000 Exception <a 'java/lang/NoSuchMethodError': <clinit>> (0x00000000e0fa4638) thrown at [C:\src\AOSP-openjdk-git\hotspot\src\share\vm\prims\jni.cpp, line 1615]
Event: 2.144 Thread 0x0000000018a2d000 Exception <a 'java/lang/NoSuchMethodError': <clinit>> (0x00000000e0fb9018) thrown at [C:\src\AOSP-openjdk-git\hotspot\src\share\vm\prims\jni.cpp, line 1615]
Event: 2.148 Thread 0x0000000018a2d000 Exception <a 'java/lang/NoSuchMethodError': <clinit>> (0x00000000e0fcb8b8) thrown at [C:\src\AOSP-openjdk-git\hotspot\src\share\vm\prims\jni.cpp, line 1615]
Event: 2.152 Thread 0x0000000018a2d000 Exception <a 'java/lang/NoSuchMethodError': <clinit>> (0x00000000e0ff24f0) thrown at [C:\src\AOSP-openjdk-git\hotspot\src\share\vm\prims\jni.cpp, line 1615]
Event: 2.156 Thread 0x0000000018a2d000 Exception <a 'java/lang/NoSuchMethodError': <clinit>> (0x00000000e1009fc0) thrown at [C:\src\AOSP-openjdk-git\hotspot\src\share\vm\prims\jni.cpp, line 1615]
Event: 2.156 Thread 0x0000000018a2d000 Exception <a 'java/lang/NoSuchMethodError': <clinit>> (0x00000000e1012bb0) thrown at [C:\src\AOSP-openjdk-git\hotspot\src\share\vm\prims\jni.cpp, line 1615]
Event: 2.159 Thread 0x0000000018a2d000 Exception <a 'java/lang/NoSuchMethodError': <clinit>> (0x00000000e1028e28) thrown at [C:\src\AOSP-openjdk-git\hotspot\src\share\vm\prims\jni.cpp, line 1615]
Event: 2.170 Thread 0x0000000018a2d000 Exception <a 'java/lang/NoSuchMethodError': <clinit>> (0x00000000e108e448) thrown at [C:\src\AOSP-openjdk-git\hotspot\src\share\vm\prims\jni.cpp, line 1615]
Event: 2.178 Thread 0x0000000018a2d000 Exception <a 'java/lang/NoSuchMethodError': <clinit>> (0x00000000e10ba1e0) thrown at [C:\src\AOSP-openjdk-git\hotspot\src\share\vm\prims\jni.cpp, line 1615]
Event: 2.182 Thread 0x0000000018a2d000 Exception <a 'java/lang/NoSuchMethodError': <clinit>> (0x00000000e10d6b78) thrown at [C:\src\AOSP-openjdk-git\hotspot\src\share\vm\prims\jni.cpp, line 1615]

Events (10 events):
Event: 2.873 loading class org/gradle/internal/scripts/CompileScriptBuildOperationType$Result
Event: 2.873 loading class org/gradle/internal/scripts/CompileScriptBuildOperationType$Result done
Event: 2.873 loading class org/gradle/internal/operations/RunnableBuildOperation
Event: 2.873 loading class org/gradle/internal/operations/RunnableBuildOperation done
Event: 2.874 loading class org/gradle/groovy/scripts/internal/BuildOperationBackedScriptCompilationHandler$1
Event: 2.874 loading class org/gradle/groovy/scripts/internal/BuildOperationBackedScriptCompilationHandler$1 done
Event: 2.874 loading class org/gradle/groovy/scripts/internal/DefaultScriptCompilationHandler
Event: 2.874 loading class org/gradle/groovy/scripts/internal/DefaultScriptCompilationHandler done
Event: 2.914 loading class org/codehaus/groovy/control/MultipleCompilationErrorsException
Event: 2.914 loading class org/codehaus/groovy/control/MultipleCompilationErrorsException done


Dynamic libraries:
0x00007ff7fac10000 - 0x00007ff7fac41000 	C:\Program Files\Android\Android Studio\jre\bin\java.exe
0x00007ffd5f940000 - 0x00007ffd5fb30000 	C:\WINDOWS\SYSTEM32\ntdll.dll
0x00007ffd5e4a0000 - 0x00007ffd5e552000 	C:\WINDOWS\System32\KERNEL32.DLL
0x00007ffd5d180000 - 0x00007ffd5d424000 	C:\WINDOWS\System32\KERNELBASE.dll
0x00007ffd5d9f0000 - 0x00007ffd5da93000 	C:\WINDOWS\System32\ADVAPI32.dll
0x00007ffd5f030000 - 0x00007ffd5f0ce000 	C:\WINDOWS\System32\msvcrt.dll
0x00007ffd5e400000 - 0x00007ffd5e497000 	C:\WINDOWS\System32\sechost.dll
0x00007ffd5e260000 - 0x00007ffd5e380000 	C:\WINDOWS\System32\RPCRT4.dll
0x00007ffd5eb50000 - 0x00007ffd5ece4000 	C:\WINDOWS\System32\USER32.dll
0x00007ffd5d430000 - 0x00007ffd5d451000 	C:\WINDOWS\System32\win32u.dll
0x00007ffd5efd0000 - 0x00007ffd5eff6000 	C:\WINDOWS\System32\GDI32.dll
0x00007ffd5d6b0000 - 0x00007ffd5d845000 	C:\WINDOWS\System32\gdi32full.dll
0x00007ffd5d950000 - 0x00007ffd5d9ee000 	C:\WINDOWS\System32\msvcp_win.dll
0x00007ffd5d460000 - 0x00007ffd5d55a000 	C:\WINDOWS\System32\ucrtbase.dll
0x00007ffd481c0000 - 0x00007ffd48444000 	C:\WINDOWS\WinSxS\amd64_microsoft.windows.common-controls_6595b64144ccf1df_6.0.18362.900_none_e6beb9d913147d17\COMCTL32.dll
0x00007ffd5e5d0000 - 0x00007ffd5e905000 	C:\WINDOWS\System32\combase.dll
0x00007ffd5d100000 - 0x00007ffd5d180000 	C:\WINDOWS\System32\bcryptPrimitives.dll
0x00007ffd5f000000 - 0x00007ffd5f02e000 	C:\WINDOWS\System32\IMM32.DLL
0x000000005fc80000 - 0x000000005fd52000 	C:\Program Files\Android\Android Studio\jre\jre\bin\msvcr100.dll
0x000000005fe40000 - 0x000000006068b000 	C:\Program Files\Android\Android Studio\jre\jre\bin\server\jvm.dll
0x00007ffd5f8f0000 - 0x00007ffd5f8f8000 	C:\WINDOWS\System32\PSAPI.DLL
0x00007ffd57e70000 - 0x00007ffd57e94000 	C:\WINDOWS\SYSTEM32\WINMM.dll
0x00007ffd51720000 - 0x00007ffd5172a000 	C:\WINDOWS\SYSTEM32\VERSION.dll
0x00007ffd57d90000 - 0x00007ffd57d99000 	C:\WINDOWS\SYSTEM32\WSOCK32.dll
0x00007ffd57e40000 - 0x00007ffd57e6d000 	C:\WINDOWS\SYSTEM32\winmmbase.dll
0x00007ffd5d900000 - 0x00007ffd5d94a000 	C:\WINDOWS\System32\cfgmgr32.dll
0x00000000008d0000 - 0x000000000093f000 	C:\WINDOWS\System32\ws2_32.DLL
0x00007ffd513e0000 - 0x00007ffd513ef000 	C:\Program Files\Android\Android Studio\jre\jre\bin\verify.dll
0x00007ffd47fd0000 - 0x00007ffd47ff9000 	C:\Program Files\Android\Android Studio\jre\jre\bin\java.dll
0x00007ffd4d590000 - 0x00007ffd4d5a6000 	C:\Program Files\Android\Android Studio\jre\jre\bin\zip.dll
0x00007ffd5f0d0000 - 0x00007ffd5f7b6000 	C:\WINDOWS\System32\SHELL32.dll
0x00007ffd5dd40000 - 0x00007ffd5dde9000 	C:\WINDOWS\System32\shcore.dll
0x00007ffd5c980000 - 0x00007ffd5d100000 	C:\WINDOWS\System32\windows.storage.dll
0x00007ffd5c880000 - 0x00007ffd5c8a3000 	C:\WINDOWS\System32\profapi.dll
0x00007ffd5c830000 - 0x00007ffd5c87a000 	C:\WINDOWS\System32\powrprof.dll
0x00007ffd5c800000 - 0x00007ffd5c810000 	C:\WINDOWS\System32\UMPDC.dll
0x00007ffd5e910000 - 0x00007ffd5e962000 	C:\WINDOWS\System32\shlwapi.dll
0x00007ffd5c810000 - 0x00007ffd5c821000 	C:\WINDOWS\System32\kernel.appcore.dll
0x00007ffd5c8d0000 - 0x00007ffd5c8e7000 	C:\WINDOWS\System32\cryptsp.dll
0x00007ffd4a5f0000 - 0x00007ffd4a60a000 	C:\Program Files\Android\Android Studio\jre\jre\bin\net.dll
0x00007ffd5c070000 - 0x00007ffd5c0d7000 	C:\WINDOWS\system32\mswsock.dll
0x00007ffd48500000 - 0x00007ffd48513000 	C:\Program Files\Android\Android Studio\jre\jre\bin\nio.dll
0x00007ffd4d650000 - 0x00007ffd4d676000 	C:\Users\Bismillah\.gradle\native\29\windows-amd64\native-platform.dll
0x00007ffd4c300000 - 0x00007ffd4c30d000 	C:\Program Files\Android\Android Studio\jre\jre\bin\management.dll
0x00007ffd5bbe0000 - 0x00007ffd5bc13000 	C:\WINDOWS\system32\rsaenh.dll
0x00007ffd5c8f0000 - 0x00007ffd5c916000 	C:\WINDOWS\System32\bcrypt.dll
0x00007ffd5c6f0000 - 0x00007ffd5c715000 	C:\WINDOWS\SYSTEM32\USERENV.dll
0x00007ffd5c240000 - 0x00007ffd5c24c000 	C:\WINDOWS\SYSTEM32\CRYPTBASE.dll
0x00007ffd5bd80000 - 0x00007ffd5bdba000 	C:\WINDOWS\SYSTEM32\IPHLPAPI.DLL
0x00007ffd5e560000 - 0x00007ffd5e568000 	C:\WINDOWS\System32\NSI.dll
0x00007ffd565d0000 - 0x00007ffd565e6000 	C:\WINDOWS\SYSTEM32\dhcpcsvc6.DLL
0x00007ffd56560000 - 0x00007ffd5657c000 	C:\WINDOWS\SYSTEM32\dhcpcsvc.DLL
0x00007ffd5bdd0000 - 0x00007ffd5be9b000 	C:\WINDOWS\SYSTEM32\DNSAPI.dll

VM Arguments:
jvm_args: -Xmx1536m -Dfile.encoding=windows-1252 -Duser.country=ID -Duser.language=en -Duser.variant 
java_command: org.gradle.launcher.daemon.bootstrap.GradleDaemon 5.4.1
java_class_path (initial): C:\Users\Bismillah\.gradle\wrapper\dists\gradle-5.4.1-all\3221gyojl5jsh0helicew7rwx\gradle-5.4.1\lib\gradle-launcher-5.4.1.jar
Launcher Type: SUN_STANDARD

Environment Variables:
PATH=C:\Program Files (x86)\Common Files\Intel\Shared Libraries\redist\intel64\compiler;C:\WINDOWS\system32;C:\WINDOWS;C:\WINDOWS\System32\Wbem;C:\WINDOWS\System32\WindowsPowerShell\v1.0\;"C:\WINDOWS\System32\OpenSSH\;";C:\Program Files\Java\jdk-11.0.6\bin;C:\Users\Bismillah\AppData\Local\Microsoft\WindowsApps;
USERNAME=Bismillah
OS=Windows_NT
PROCESSOR_IDENTIFIER=Intel64 Family 6 Model 142 Stepping 9, GenuineIntel



---------------  S Y S T E M  ---------------

OS: Windows 10.0 , 64 bit Build 18362 (10.0.18362.900)

CPU:total 4 (initial active 4) (2 cores per cpu, 2 threads per core) family 6 model 142 stepping 9, cmov, cx8, fxsr, mmx, sse, sse2, sse3, ssse3, sse4.1, sse4.2, popcnt, avx, avx2, aes, clmul, erms, 3dnowpref, lzcnt, ht, tsc, tscinvbit, bmi1, bmi2, adx

Memory: 4k page, physical 4059364k(292552k free), swap 8253668k(2852k free)

vm_info: OpenJDK 64-Bit Server VM (25.242-b01) for windows-amd64 JRE (1.8.0_242-release-1644-b01), built by "builder" with MS VC++ 10.0 (VS2010)

time: Sun Jul 05 19:56:19 2020
timezone: GMT Summer Time
elapsed time: 2 seconds (0d 0h 0m 2s)

