#
# There is insufficient memory for the Java Runtime Environment to continue.
# Native memory allocation (malloc) failed to allocate 32744 bytes for ChunkPool::allocate
# Possible reasons:
#   The system is out of physical RAM or swap space
#   The process is running with CompressedOops enabled, and the Java Heap may be blocking the growth of the native heap
# Possible solutions:
#   Reduce memory load on the system
#   Increase physical memory or swap space
#   Check if swap backing store is full
#   Decrease Java heap size (-Xmx/-Xms)
#   Decrease number of Java threads
#   Decrease Java thread stack sizes (-Xss)
#   Set larger code cache with -XX:ReservedCodeCacheSize=
#   JVM is running with Unscaled Compressed Oops mode in which the Java heap is
#     placed in the first 4GB address space. The Java Heap base address is the
#     maximum limit for the native heap growth. Please use -XX:HeapBaseMinAddress
#     to set the Java Heap base and to place the Java Heap above 4GB virtual address.
# This output file may be truncated or incomplete.
#
#  Out of Memory Error (allocation.cpp:272), pid=13108, tid=0x0000000000001728
#
# JRE version: OpenJDK Runtime Environment (8.0_242-b01) (build 1.8.0_242-release-1644-b01)
# Java VM: OpenJDK 64-Bit Server VM (25.242-b01 mixed mode windows-amd64 compressed oops)
# Failed to write core dump. Minidumps are not enabled by default on client versions of Windows
#

---------------  T H R E A D  ---------------

Current thread (0x0000000016139000):  JavaThread "C1 CompilerThread2" daemon [_thread_in_native, id=5928, stack(0x0000000017980000,0x0000000017a80000)]

Stack: [0x0000000017980000,0x0000000017a80000]
[error occurred during error reporting (printing stack bounds), id 0xc0000005]

Native frames: (J=compiled Java code, j=interpreted, Vv=VM code, C=native code)


Current CompileTask:
C1:   4300 1508       3       com.google.common.base.CharMatcher::indexIn (48 bytes)


---------------  P R O C E S S  ---------------

Java Threads: ( => current thread )
  0x0000000018b62000 JavaThread "Cache worker for journal cache (C:\Users\Bismillah\.gradle\caches\journal-1)" [_thread_blocked, id=5220, stack(0x000000001bcd0000,0x000000001bdd0000)]
  0x0000000018b61800 JavaThread "File lock request listener" [_thread_in_native, id=8260, stack(0x000000001bbd0000,0x000000001bcd0000)]
  0x0000000018b60800 JavaThread "Cache worker for file hash cache (C:\Users\Bismillah\.gradle\caches\5.4.1\fileHashes)" [_thread_blocked, id=9072, stack(0x000000001bad0000,0x000000001bbd0000)]
  0x0000000017df2800 JavaThread "Thread-9" [_thread_blocked, id=8212, stack(0x000000001b9d0000,0x000000001bad0000)]
  0x0000000017df1800 JavaThread "Stdin handler" [_thread_blocked, id=8484, stack(0x000000001b8d0000,0x000000001b9d0000)]
  0x0000000018b20000 JavaThread "Asynchronous log dispatcher for DefaultDaemonConnection: socket connection from /127.0.0.1:56092 to /127.0.0.1:56093" [_thread_blocked, id=11012, stack(0x000000001b7d0000,0x000000001b8d0000)]
  0x0000000018b1f000 JavaThread "Daemon worker" [_thread_in_vm, id=7124, stack(0x000000001b6d0000,0x000000001b7d0000)]
  0x0000000018203000 JavaThread "Cancel handler" [_thread_blocked, id=7936, stack(0x000000001b5d0000,0x000000001b6d0000)]
  0x0000000018ba5000 JavaThread "Handler for socket connection from /127.0.0.1:56092 to /127.0.0.1:56093" [_thread_in_native, id=11920, stack(0x000000001b2d0000,0x000000001b3d0000)]
  0x0000000018ba0800 JavaThread "Daemon" [_thread_blocked, id=11512, stack(0x000000001b1d0000,0x000000001b2d0000)]
  0x0000000018b83800 JavaThread "Daemon periodic checks" [_thread_blocked, id=6216, stack(0x000000001b0d0000,0x000000001b1d0000)]
  0x00000000196a1000 JavaThread "Incoming local TCP Connector on port 56092" [_thread_in_native, id=12228, stack(0x000000001ae90000,0x000000001af90000)]
  0x0000000019611000 JavaThread "Daemon health stats" [_thread_blocked, id=12724, stack(0x0000000019850000,0x0000000019950000)]
  0x000000001617e800 JavaThread "Service Thread" daemon [_thread_blocked, id=9396, stack(0x0000000017e80000,0x0000000017f80000)]
=>0x0000000016139000 JavaThread "C1 CompilerThread2" daemon [_thread_in_native, id=5928, stack(0x0000000017980000,0x0000000017a80000)]
  0x000000001612a000 JavaThread "C2 CompilerThread1" daemon [_thread_in_native, id=8876, stack(0x0000000017880000,0x0000000017980000)]
  0x0000000016124800 JavaThread "C2 CompilerThread0" daemon [_thread_in_native, id=10888, stack(0x0000000017780000,0x0000000017880000)]
  0x0000000016122000 JavaThread "Attach Listener" daemon [_thread_blocked, id=1344, stack(0x0000000017680000,0x0000000017780000)]
  0x0000000016121000 JavaThread "Signal Dispatcher" daemon [_thread_blocked, id=10404, stack(0x0000000017580000,0x0000000017680000)]
  0x00000000027ab000 JavaThread "Finalizer" daemon [_thread_blocked, id=5872, stack(0x0000000017380000,0x0000000017480000)]
  0x0000000016109000 JavaThread "Reference Handler" daemon [_thread_blocked, id=7900, stack(0x0000000017280000,0x0000000017380000)]
  0x00000000026ae000 JavaThread "main" [_thread_blocked, id=6432, stack(0x0000000002500000,0x0000000002600000)]

Other Threads:
  0x00000000160e6000 VMThread [stack: 0x0000000017180000,0x0000000017280000] [id=3204]
  0x0000000017ab1800 WatcherThread [stack: 0x0000000017f80000,0x0000000018080000] [id=9540]

VM state:not at safepoint (normal execution)

VM Mutex/Monitor currently owned by a thread: None

heap address: 0x00000000a0000000, size: 1536 MB, Compressed Oops mode: 32-bit
Narrow klass base: 0x0000000000000000, Narrow klass shift: 3
Compressed class space size: 1073741824 Address: 0x0000000100000000

Heap:
 PSYoungGen      total 36864K, used 8639K [0x00000000e0000000, 0x00000000e2900000, 0x0000000100000000)
  eden space 31744K, 27% used [0x00000000e0000000,0x00000000e086ff88,0x00000000e1f00000)
  from space 5120K, 0% used [0x00000000e1f00000,0x00000000e1f00000,0x00000000e2400000)
  to   space 5120K, 0% used [0x00000000e2400000,0x00000000e2400000,0x00000000e2900000)
 ParOldGen       total 28160K, used 5833K [0x00000000a0000000, 0x00000000a1b80000, 0x00000000e0000000)
  object space 28160K, 20% used [0x00000000a0000000,0x00000000a05b2788,0x00000000a1b80000)
 Metaspace       used 16658K, capacity 17090K, committed 17408K, reserved 1064960K
  class space    used 2390K, capacity 2553K, committed 2560K, reserved 1048576K

Card table byte_map: [0x0000000011b70000,0x0000000011e80000] byte_map_base: 0x0000000011670000

Marking Bits: (ParMarkBitMap*) 0x000000006060f030
 Begin Bits: [0x0000000012480000, 0x0000000013c80000)
 End Bits:   [0x0000000013c80000, 0x0000000015480000)

Polling page: 0x0000000000c00000

CodeCache: size=245760Kb used=5313Kb max_used=5315Kb free=240446Kb
 bounds [0x00000000027b0000, 0x0000000002cf0000, 0x00000000117b0000]
 total_blobs=1902 nmethods=1503 adapters=312
 compilation: enabled

Compilation events (10 events):
Event: 3.831 Thread 0x0000000016139000 nmethod 1501 0x0000000002cdfe90 code [0x0000000002cdffe0, 0x0000000002ce00d0]
Event: 3.861 Thread 0x0000000016139000 1503       3       java.lang.String::subSequence (7 bytes)
Event: 3.861 Thread 0x0000000016139000 nmethod 1503 0x0000000002cdfa90 code [0x0000000002cdfc00, 0x0000000002cdfe08]
Event: 3.861 Thread 0x0000000016139000 1504       3       com.google.common.base.CharMatcher$Is::matches (14 bytes)
Event: 3.861 Thread 0x0000000016139000 nmethod 1504 0x0000000002cdf710 code [0x0000000002cdf860, 0x0000000002cdfa10]
Event: 3.861 Thread 0x0000000016139000 1506       3       com.google.common.io.LineBuffer::finishLine (63 bytes)
Event: 3.862 Thread 0x0000000016139000 nmethod 1506 0x0000000002cdebd0 code [0x0000000002cded80, 0x0000000002cdf478]
Event: 3.862 Thread 0x0000000016139000 1505       3       java.util.LinkedList::peek (18 bytes)
Event: 3.862 Thread 0x0000000016139000 nmethod 1505 0x0000000002cde7d0 code [0x0000000002cde940, 0x0000000002cdeb10]
Event: 3.862 Thread 0x0000000016139000 1508       3       com.google.common.base.CharMatcher::indexIn (48 bytes)

GC Heap History (10 events):
Event: 1.819 GC heap before
{Heap before GC invocations=3 (full 0):
 PSYoungGen      total 18432K, used 18417K [0x00000000e0000000, 0x00000000e2400000, 0x0000000100000000)
  eden space 15872K, 100% used [0x00000000e0000000,0x00000000e0f80000,0x00000000e0f80000)
  from space 2560K, 99% used [0x00000000e1200000,0x00000000e147c6c8,0x00000000e1480000)
  to   space 2560K, 0% used [0x00000000e0f80000,0x00000000e0f80000,0x00000000e1200000)
 ParOldGen       total 42496K, used 644K [0x00000000a0000000, 0x00000000a2980000, 0x00000000e0000000)
  object space 42496K, 1% used [0x00000000a0000000,0x00000000a00a1160,0x00000000a2980000)
 Metaspace       used 7195K, capacity 7392K, committed 7680K, reserved 1056768K
  class space    used 869K, capacity 940K, committed 1024K, reserved 1048576K
Event: 1.823 GC heap after
Heap after GC invocations=3 (full 0):
 PSYoungGen      total 18432K, used 2540K [0x00000000e0000000, 0x00000000e1480000, 0x0000000100000000)
  eden space 15872K, 0% used [0x00000000e0000000,0x00000000e0000000,0x00000000e0f80000)
  from space 2560K, 99% used [0x00000000e0f80000,0x00000000e11fb280,0x00000000e1200000)
  to   space 2560K, 0% used [0x00000000e1200000,0x00000000e1200000,0x00000000e1480000)
 ParOldGen       total 42496K, used 778K [0x00000000a0000000, 0x00000000a2980000, 0x00000000e0000000)
  object space 42496K, 1% used [0x00000000a0000000,0x00000000a00c29b0,0x00000000a2980000)
 Metaspace       used 7195K, capacity 7392K, committed 7680K, reserved 1056768K
  class space    used 869K, capacity 940K, committed 1024K, reserved 1048576K
}
Event: 1.982 GC heap before
{Heap before GC invocations=4 (full 0):
 PSYoungGen      total 18432K, used 18412K [0x00000000e0000000, 0x00000000e1480000, 0x0000000100000000)
  eden space 15872K, 100% used [0x00000000e0000000,0x00000000e0f80000,0x00000000e0f80000)
  from space 2560K, 99% used [0x00000000e0f80000,0x00000000e11fb280,0x00000000e1200000)
  to   space 2560K, 0% used [0x00000000e1200000,0x00000000e1200000,0x00000000e1480000)
 ParOldGen       total 42496K, used 778K [0x00000000a0000000, 0x00000000a2980000, 0x00000000e0000000)
  object space 42496K, 1% used [0x00000000a0000000,0x00000000a00c29b0,0x00000000a2980000)
 Metaspace       used 7889K, capacity 8122K, committed 8320K, reserved 1056768K
  class space    used 1010K, capacity 1077K, committed 1152K, reserved 1048576K
Event: 1.985 GC heap after
Heap after GC invocations=4 (full 0):
 PSYoungGen      total 18432K, used 2544K [0x00000000e0000000, 0x00000000e2400000, 0x0000000100000000)
  eden space 15872K, 0% used [0x00000000e0000000,0x00000000e0000000,0x00000000e0f80000)
  from space 2560K, 99% used [0x00000000e1200000,0x00000000e147c010,0x00000000e1480000)
  to   space 2560K, 0% used [0x00000000e0f80000,0x00000000e0f80000,0x00000000e1200000)
 ParOldGen       total 42496K, used 1737K [0x00000000a0000000, 0x00000000a2980000, 0x00000000e0000000)
  object space 42496K, 4% used [0x00000000a0000000,0x00000000a01b2570,0x00000000a2980000)
 Metaspace       used 7889K, capacity 8122K, committed 8320K, reserved 1056768K
  class space    used 1010K, capacity 1077K, committed 1152K, reserved 1048576K
}
Event: 3.015 GC heap before
{Heap before GC invocations=5 (full 0):
 PSYoungGen      total 18432K, used 18416K [0x00000000e0000000, 0x00000000e2400000, 0x0000000100000000)
  eden space 15872K, 100% used [0x00000000e0000000,0x00000000e0f80000,0x00000000e0f80000)
  from space 2560K, 99% used [0x00000000e1200000,0x00000000e147c010,0x00000000e1480000)
  to   space 2560K, 0% used [0x00000000e0f80000,0x00000000e0f80000,0x00000000e1200000)
 ParOldGen       total 42496K, used 1737K [0x00000000a0000000, 0x00000000a2980000, 0x00000000e0000000)
  object space 42496K, 4% used [0x00000000a0000000,0x00000000a01b2570,0x00000000a2980000)
 Metaspace       used 11650K, capacity 11928K, committed 12160K, reserved 1060864K
  class space    used 1537K, capacity 1646K, committed 1664K, reserved 1048576K
Event: 3.020 GC heap after
Heap after GC invocations=5 (full 0):
 PSYoungGen      total 18432K, used 2544K [0x00000000e0000000, 0x00000000e1980000, 0x0000000100000000)
  eden space 15872K, 0% used [0x00000000e0000000,0x00000000e0000000,0x00000000e0f80000)
  from space 2560K, 99% used [0x00000000e0f80000,0x00000000e11fc010,0x00000000e1200000)
  to   space 5120K, 0% used [0x00000000e1480000,0x00000000e1480000,0x00000000e1980000)
 ParOldGen       total 42496K, used 3935K [0x00000000a0000000, 0x00000000a2980000, 0x00000000e0000000)
  object space 42496K, 9% used [0x00000000a0000000,0x00000000a03d7fa0,0x00000000a2980000)
 Metaspace       used 11650K, capacity 11928K, committed 12160K, reserved 1060864K
  class space    used 1537K, capacity 1646K, committed 1664K, reserved 1048576K
}
Event: 3.284 GC heap before
{Heap before GC invocations=6 (full 0):
 PSYoungGen      total 18432K, used 18416K [0x00000000e0000000, 0x00000000e1980000, 0x0000000100000000)
  eden space 15872K, 100% used [0x00000000e0000000,0x00000000e0f80000,0x00000000e0f80000)
  from space 2560K, 99% used [0x00000000e0f80000,0x00000000e11fc010,0x00000000e1200000)
  to   space 5120K, 0% used [0x00000000e1480000,0x00000000e1480000,0x00000000e1980000)
 ParOldGen       total 42496K, used 3935K [0x00000000a0000000, 0x00000000a2980000, 0x00000000e0000000)
  object space 42496K, 9% used [0x00000000a0000000,0x00000000a03d7fa0,0x00000000a2980000)
 Metaspace       used 12742K, capacity 13132K, committed 13184K, reserved 1060864K
  class space    used 1739K, capacity 1868K, committed 1920K, reserved 1048576K
Event: 3.296 GC heap after
Heap after GC invocations=6 (full 0):
 PSYoungGen      total 20992K, used 4093K [0x00000000e0000000, 0x00000000e2900000, 0x0000000100000000)
  eden space 15872K, 0% used [0x00000000e0000000,0x00000000e0000000,0x00000000e0f80000)
  from space 5120K, 79% used [0x00000000e1480000,0x00000000e187f440,0x00000000e1980000)
  to   space 5120K, 0% used [0x00000000e0f80000,0x00000000e0f80000,0x00000000e1480000)
 ParOldGen       total 42496K, used 3943K [0x00000000a0000000, 0x00000000a2980000, 0x00000000e0000000)
  object space 42496K, 9% used [0x00000000a0000000,0x00000000a03d9fa0,0x00000000a2980000)
 Metaspace       used 12742K, capacity 13132K, committed 13184K, reserved 1060864K
  class space    used 1739K, capacity 1868K, committed 1920K, reserved 1048576K
}
Event: 3.675 GC heap before
{Heap before GC invocations=7 (full 0):
 PSYoungGen      total 20992K, used 19965K [0x00000000e0000000, 0x00000000e2900000, 0x0000000100000000)
  eden space 15872K, 100% used [0x00000000e0000000,0x00000000e0f80000,0x00000000e0f80000)
  from space 5120K, 79% used [0x00000000e1480000,0x00000000e187f440,0x00000000e1980000)
  to   space 5120K, 0% used [0x00000000e0f80000,0x00000000e0f80000,0x00000000e1480000)
 ParOldGen       total 42496K, used 3943K [0x00000000a0000000, 0x00000000a2980000, 0x00000000e0000000)
  object space 42496K, 9% used [0x00000000a0000000,0x00000000a03d9fa0,0x00000000a2980000)
 Metaspace       used 14316K, capacity 14708K, committed 14976K, reserved 1062912K
  class space    used 1992K, capacity 2096K, committed 2176K, reserved 1048576K
Event: 3.682 GC heap after
Heap after GC invocations=7 (full 0):
 PSYoungGen      total 20992K, used 4134K [0x00000000e0000000, 0x00000000e2900000, 0x0000000100000000)
  eden space 15872K, 0% used [0x00000000e0000000,0x00000000e0000000,0x00000000e0f80000)
  from space 5120K, 80% used [0x00000000e0f80000,0x00000000e1389980,0x00000000e1480000)
  to   space 5120K, 0% used [0x00000000e2400000,0x00000000e2400000,0x00000000e2900000)
 ParOldGen       total 42496K, used 5045K [0x00000000a0000000, 0x00000000a2980000, 0x00000000e0000000)
  object space 42496K, 11% used [0x00000000a0000000,0x00000000a04ed408,0x00000000a2980000)
 Metaspace       used 14316K, capacity 14708K, committed 14976K, reserved 1062912K
  class space    used 1992K, capacity 2096K, committed 2176K, reserved 1048576K
}

Deoptimization events (10 events):
Event: 2.988 Thread 0x0000000018ba5000 Uncommon trap: reason=unstable_if action=reinterpret pc=0x0000000002b7e2f0 method=java.util.concurrent.ConcurrentHashMap.putVal(Ljava/lang/Object;Ljava/lang/Object;Z)Ljava/lang/Object; @ 206
Event: 3.100 Thread 0x0000000018b1f000 Uncommon trap: reason=bimorphic action=maybe_recompile pc=0x0000000002a5b270 method=java.util.HashMap.putVal(ILjava/lang/Object;Ljava/lang/Object;ZZ)Ljava/lang/Object; @ 253
Event: 3.100 Thread 0x0000000018b1f000 Uncommon trap: reason=bimorphic action=maybe_recompile pc=0x0000000002a5b270 method=java.util.HashMap.putVal(ILjava/lang/Object;Ljava/lang/Object;ZZ)Ljava/lang/Object; @ 253
Event: 3.100 Thread 0x0000000018b1f000 Uncommon trap: reason=bimorphic action=maybe_recompile pc=0x0000000002a5b270 method=java.util.HashMap.putVal(ILjava/lang/Object;Ljava/lang/Object;ZZ)Ljava/lang/Object; @ 253
Event: 3.100 Thread 0x0000000018b1f000 Uncommon trap: reason=bimorphic action=maybe_recompile pc=0x0000000002a5b270 method=java.util.HashMap.putVal(ILjava/lang/Object;Ljava/lang/Object;ZZ)Ljava/lang/Object; @ 253
Event: 3.387 Thread 0x0000000018b1f000 Uncommon trap: reason=class_check action=maybe_recompile pc=0x0000000002a93c18 method=java.util.regex.Matcher.match(II)Z @ 86
Event: 3.400 Thread 0x0000000018b1f000 Uncommon trap: reason=class_check action=maybe_recompile pc=0x0000000002a93c18 method=java.util.regex.Matcher.match(II)Z @ 86
Event: 3.400 Thread 0x0000000018b1f000 Uncommon trap: reason=class_check action=maybe_recompile pc=0x0000000002a93c18 method=java.util.regex.Matcher.match(II)Z @ 86
Event: 3.400 Thread 0x0000000018b1f000 Uncommon trap: reason=class_check action=maybe_recompile pc=0x0000000002a6281c method=java.util.regex.Matcher.match(II)Z @ 86
Event: 3.813 Thread 0x0000000018b1f000 Uncommon trap: reason=unstable_if action=reinterpret pc=0x0000000002b73774 method=java.lang.String.lastIndexOf([CII[CIII)I @ 66

Classes redefined (0 events):
No events

Internal exceptions (10 events):
Event: 2.990 Thread 0x0000000018ba5000 Exception <a 'java/lang/NoSuchMethodError': <clinit>> (0x00000000e0ee4590) thrown at [C:\src\AOSP-openjdk-git\hotspot\src\share\vm\prims\jni.cpp, line 1615]
Event: 2.992 Thread 0x0000000018ba5000 Exception <a 'java/lang/NoSuchMethodError': <clinit>> (0x00000000e0ef8f70) thrown at [C:\src\AOSP-openjdk-git\hotspot\src\share\vm\prims\jni.cpp, line 1615]
Event: 2.997 Thread 0x0000000018ba5000 Exception <a 'java/lang/NoSuchMethodError': <clinit>> (0x00000000e0f0b830) thrown at [C:\src\AOSP-openjdk-git\hotspot\src\share\vm\prims\jni.cpp, line 1615]
Event: 3.002 Thread 0x0000000018ba5000 Exception <a 'java/lang/NoSuchMethodError': <clinit>> (0x00000000e0f328c8) thrown at [C:\src\AOSP-openjdk-git\hotspot\src\share\vm\prims\jni.cpp, line 1615]
Event: 3.005 Thread 0x0000000018ba5000 Exception <a 'java/lang/NoSuchMethodError': <clinit>> (0x00000000e0f4a398) thrown at [C:\src\AOSP-openjdk-git\hotspot\src\share\vm\prims\jni.cpp, line 1615]
Event: 3.006 Thread 0x0000000018ba5000 Exception <a 'java/lang/NoSuchMethodError': <clinit>> (0x00000000e0f530b0) thrown at [C:\src\AOSP-openjdk-git\hotspot\src\share\vm\prims\jni.cpp, line 1615]
Event: 3.009 Thread 0x0000000018ba5000 Exception <a 'java/lang/NoSuchMethodError': <clinit>> (0x00000000e0f69328) thrown at [C:\src\AOSP-openjdk-git\hotspot\src\share\vm\prims\jni.cpp, line 1615]
Event: 3.030 Thread 0x0000000018ba5000 Exception <a 'java/lang/NoSuchMethodError': <clinit>> (0x00000000e00561c0) thrown at [C:\src\AOSP-openjdk-git\hotspot\src\share\vm\prims\jni.cpp, line 1615]
Event: 3.036 Thread 0x0000000018ba5000 Exception <a 'java/lang/NoSuchMethodError': <clinit>> (0x00000000e0082128) thrown at [C:\src\AOSP-openjdk-git\hotspot\src\share\vm\prims\jni.cpp, line 1615]
Event: 3.041 Thread 0x0000000018ba5000 Exception <a 'java/lang/NoSuchMethodError': <clinit>> (0x00000000e009ead0) thrown at [C:\src\AOSP-openjdk-git\hotspot\src\share\vm\prims\jni.cpp, line 1615]

Events (10 events):
Event: 3.855 loading class com/google/common/base/Splitter$SplittingIterator
Event: 3.855 loading class com/google/common/base/Splitter$SplittingIterator done
Event: 3.856 loading class com/google/common/base/AbstractIterator
Event: 3.856 loading class com/google/common/base/AbstractIterator done
Event: 3.856 loading class com/google/common/base/Splitter$1$1
Event: 3.857 loading class com/google/common/base/Splitter$1$1 done
Event: 3.857 loading class com/google/common/base/AbstractIterator$State
Event: 3.857 loading class com/google/common/base/AbstractIterator$State done
Event: 3.859 loading class com/google/common/base/AbstractIterator$1
Event: 3.859 loading class com/google/common/base/AbstractIterator$1 done


Dynamic libraries:
0x00007ff7fac10000 - 0x00007ff7fac41000 	C:\Program Files\Android\Android Studio\jre\bin\java.exe
0x00007ffd5f940000 - 0x00007ffd5fb30000 	C:\WINDOWS\SYSTEM32\ntdll.dll
0x00007ffd5e4a0000 - 0x00007ffd5e552000 	C:\WINDOWS\System32\KERNEL32.DLL
0x00007ffd5d180000 - 0x00007ffd5d424000 	C:\WINDOWS\System32\KERNELBASE.dll
0x00007ffd5d9f0000 - 0x00007ffd5da93000 	C:\WINDOWS\System32\ADVAPI32.dll
0x00007ffd5f030000 - 0x00007ffd5f0ce000 	C:\WINDOWS\System32\msvcrt.dll
0x00007ffd5e400000 - 0x00007ffd5e497000 	C:\WINDOWS\System32\sechost.dll
0x00007ffd5e260000 - 0x00007ffd5e380000 	C:\WINDOWS\System32\RPCRT4.dll
0x00007ffd5eb50000 - 0x00007ffd5ece4000 	C:\WINDOWS\System32\USER32.dll
0x00007ffd5d430000 - 0x00007ffd5d451000 	C:\WINDOWS\System32\win32u.dll
0x00007ffd5efd0000 - 0x00007ffd5eff6000 	C:\WINDOWS\System32\GDI32.dll
0x00007ffd5d6b0000 - 0x00007ffd5d845000 	C:\WINDOWS\System32\gdi32full.dll
0x00007ffd5d950000 - 0x00007ffd5d9ee000 	C:\WINDOWS\System32\msvcp_win.dll
0x00007ffd5d460000 - 0x00007ffd5d55a000 	C:\WINDOWS\System32\ucrtbase.dll
0x00007ffd481c0000 - 0x00007ffd48444000 	C:\WINDOWS\WinSxS\amd64_microsoft.windows.common-controls_6595b64144ccf1df_6.0.18362.900_none_e6beb9d913147d17\COMCTL32.dll
0x00007ffd5e5d0000 - 0x00007ffd5e905000 	C:\WINDOWS\System32\combase.dll
0x00007ffd5d100000 - 0x00007ffd5d180000 	C:\WINDOWS\System32\bcryptPrimitives.dll
0x00007ffd5f000000 - 0x00007ffd5f02e000 	C:\WINDOWS\System32\IMM32.DLL
0x000000005fc80000 - 0x000000005fd52000 	C:\Program Files\Android\Android Studio\jre\jre\bin\msvcr100.dll
0x000000005fe40000 - 0x000000006068b000 	C:\Program Files\Android\Android Studio\jre\jre\bin\server\jvm.dll
0x00007ffd5f8f0000 - 0x00007ffd5f8f8000 	C:\WINDOWS\System32\PSAPI.DLL
0x00007ffd57e70000 - 0x00007ffd57e94000 	C:\WINDOWS\SYSTEM32\WINMM.dll
0x00007ffd57e40000 - 0x00007ffd57e6d000 	C:\WINDOWS\SYSTEM32\WINMMBASE.dll
0x00007ffd51720000 - 0x00007ffd5172a000 	C:\WINDOWS\SYSTEM32\VERSION.dll
0x00007ffd5d900000 - 0x00007ffd5d94a000 	C:\WINDOWS\System32\cfgmgr32.dll
0x00007ffd57d90000 - 0x00007ffd57d99000 	C:\WINDOWS\SYSTEM32\WSOCK32.dll
0x00007ffd5eae0000 - 0x00007ffd5eb4f000 	C:\WINDOWS\System32\WS2_32.dll
0x00007ffd513e0000 - 0x00007ffd513ef000 	C:\Program Files\Android\Android Studio\jre\jre\bin\verify.dll
0x00007ffd47fd0000 - 0x00007ffd47ff9000 	C:\Program Files\Android\Android Studio\jre\jre\bin\java.dll
0x00007ffd4d590000 - 0x00007ffd4d5a6000 	C:\Program Files\Android\Android Studio\jre\jre\bin\zip.dll
0x00007ffd5f0d0000 - 0x00007ffd5f7b6000 	C:\WINDOWS\System32\SHELL32.dll
0x00007ffd5dd40000 - 0x00007ffd5dde9000 	C:\WINDOWS\System32\shcore.dll
0x00007ffd5c980000 - 0x00007ffd5d100000 	C:\WINDOWS\System32\windows.storage.dll
0x00007ffd5c880000 - 0x00007ffd5c8a3000 	C:\WINDOWS\System32\profapi.dll
0x00007ffd5c830000 - 0x00007ffd5c87a000 	C:\WINDOWS\System32\powrprof.dll
0x00007ffd5c800000 - 0x00007ffd5c810000 	C:\WINDOWS\System32\UMPDC.dll
0x00007ffd5e910000 - 0x00007ffd5e962000 	C:\WINDOWS\System32\shlwapi.dll
0x00007ffd5c810000 - 0x00007ffd5c821000 	C:\WINDOWS\System32\kernel.appcore.dll
0x00007ffd5c8d0000 - 0x00007ffd5c8e7000 	C:\WINDOWS\System32\cryptsp.dll
0x00007ffd4a5f0000 - 0x00007ffd4a60a000 	C:\Program Files\Android\Android Studio\jre\jre\bin\net.dll
0x00007ffd5c070000 - 0x00007ffd5c0d7000 	C:\WINDOWS\system32\mswsock.dll
0x00007ffd48500000 - 0x00007ffd48513000 	C:\Program Files\Android\Android Studio\jre\jre\bin\nio.dll
0x00007ffd4d650000 - 0x00007ffd4d676000 	C:\Users\Bismillah\.gradle\native\29\windows-amd64\native-platform.dll
0x00007ffd4c300000 - 0x00007ffd4c30d000 	C:\Program Files\Android\Android Studio\jre\jre\bin\management.dll
0x00007ffd5bbe0000 - 0x00007ffd5bc13000 	C:\WINDOWS\system32\rsaenh.dll
0x00007ffd5c8f0000 - 0x00007ffd5c916000 	C:\WINDOWS\System32\bcrypt.dll
0x00007ffd5c6f0000 - 0x00007ffd5c715000 	C:\WINDOWS\SYSTEM32\USERENV.dll
0x00007ffd5c240000 - 0x00007ffd5c24c000 	C:\WINDOWS\SYSTEM32\CRYPTBASE.dll
0x00007ffd5bd80000 - 0x00007ffd5bdba000 	C:\WINDOWS\SYSTEM32\IPHLPAPI.DLL
0x00007ffd5e560000 - 0x00007ffd5e568000 	C:\WINDOWS\System32\NSI.dll
0x00007ffd565d0000 - 0x00007ffd565e6000 	C:\WINDOWS\SYSTEM32\dhcpcsvc6.DLL
0x00007ffd56560000 - 0x00007ffd5657c000 	C:\WINDOWS\SYSTEM32\dhcpcsvc.DLL
0x00007ffd5bdd0000 - 0x00007ffd5be9b000 	C:\WINDOWS\SYSTEM32\DNSAPI.dll

VM Arguments:
jvm_args: -Xmx1536m -Dfile.encoding=windows-1252 -Duser.country=ID -Duser.language=en -Duser.variant 
java_command: org.gradle.launcher.daemon.bootstrap.GradleDaemon 5.4.1
java_class_path (initial): C:\Users\Bismillah\.gradle\wrapper\dists\gradle-5.4.1-all\3221gyojl5jsh0helicew7rwx\gradle-5.4.1\lib\gradle-launcher-5.4.1.jar
Launcher Type: SUN_STANDARD

Environment Variables:
PATH=C:\Program Files (x86)\Common Files\Intel\Shared Libraries\redist\intel64\compiler;C:\WINDOWS\system32;C:\WINDOWS;C:\WINDOWS\System32\Wbem;C:\WINDOWS\System32\WindowsPowerShell\v1.0\;"C:\WINDOWS\System32\OpenSSH\;";C:\Program Files\Java\jdk-11.0.6\bin;C:\Users\Bismillah\AppData\Local\Microsoft\WindowsApps;
USERNAME=Bismillah
OS=Windows_NT
PROCESSOR_IDENTIFIER=Intel64 Family 6 Model 142 Stepping 9, GenuineIntel



---------------  S Y S T E M  ---------------

OS: Windows 10.0 , 64 bit Build 18362 (10.0.18362.900)

CPU:total 4 (initial active 4) (2 cores per cpu, 2 threads per core) family 6 model 142 stepping 9, cmov, cx8, fxsr, mmx, sse, sse2, sse3, ssse3, sse4.1, sse4.2, popcnt, avx, avx2, aes, clmul, erms, 3dnowpref, lzcnt, ht, tsc, tscinvbit, bmi1, bmi2, adx

Memory: 4k page, physical 4059364k(276280k free), swap 8253668k(15664k free)

vm_info: OpenJDK 64-Bit Server VM (25.242-b01) for windows-amd64 JRE (1.8.0_242-release-1644-b01), built by "builder" with MS VC++ 10.0 (VS2010)

time: Sun Jul 05 19:56:07 2020
timezone: GMT Summer Time
elapsed time: 4 seconds (0d 0h 0m 4s)

